.XXXXXXXXXXXXXXXXXXXXXXXXXXXXXXX................................
..XXXXXXXXXXXXXXXXXXXXXXXXXXXXX..X.X.X.X.X.X.X.X.X.X.X.X.X.X.X.X
.X.XXXXXXXXXXXXXXXXXXXXXXXXXXX.X..X...X...X...X...X...X...X...XX
....XXXXXXXXXXXXXXXXXXXXXXXXX....X.X.X.X.X.X.X.X.X.X.X.X.X.X.XXX
.X.X.XXXXXXXXXXXXXXXXXXXXXXX.X.X....X.......X.......X.......XXXX
..X...XXXXXXXXXXXXXXXXXXXXX...X..X.X.X.X.X.X.X.X.X.X.X.X.X.XXXXX
.X.X.X.XXXXXXXXXXXXXXXXXXX.X.X.X..X...X...X...X...X...X...XXXXXX
........XXXXXXXXXXXXXXXXX........X.X.X.X.X.X.X.X.X.X.X.X.XXXXXXX
.X.X.X.X.XXXXXXXXXXXXXXX.X.X.X.X........X...............XXXXXXXX
..X...X...XXXXXXXXXXXXX...X...X..X.X.X.X.X.X.X.X.X.X.X.XXXXXXXXX
.X.X.X.X.X.XXXXXXXXXXX.X.X.X.X.X..X...X...X...X...X...XXXXXXXXXX
....X.......XXXXXXXXX.......X....X.X.X.X.X.X.X.X.X.X.XXXXXXXXXXX
.X.X.X.X.X.X.XXXXXXX.X.X.X.X.X.X....X.......X.......XXXXXXXXXXXX
..X...X...X...XXXXX...X...X...X..X.X.X.X.X.X.X.X.X.XXXXXXXXXXXXX
.X.X.X.X.X.X.X.XXX.X.X.X.X.X.X.X..X...X...X...X...XXXXXXXXXXXXXX
................X................X.X.X.X.X.X.X.X.XXXXXXXXXXXXXXX
.X.X.X.X.X.X.X.X.X.X.X.X.X.X.X.X................XXXXXXXXXXXXXXXX
..X...X...X...X...X...X...X...X..X.X.X.X.X.X.X.X.XXXXXXXXXXXXXXX
.X.X.X.X.X.X.X.X.X.X.X.X.X.X.X.X..X...X...X...X...XXXXXXXXXXXXXX
....X.......X.......X.......X....X.X.X.X.X.X.X.X.X.XXXXXXXXXXXXX
.X.X.X.X.X.X.X.X.X.X.X.X.X.X.X.X....X.......X.......XXXXXXXXXXXX
..X...X...X...X...X...X...X...X..X.X.X.X.X.X.X.X.X.X.XXXXXXXXXXX
.X.X.X.X.X.X.X.X.X.X.X.X.X.X.X.X..X...X...X...X...X...XXXXXXXXXX
........X...............X........X.X.X.X.X.X.X.X.X.X.X.XXXXXXXXX
.X.X.X.X.X.X.X.X.X.X.X.X.X.X.X.X........X...............XXXXXXXX
..X...X...X...X...X...X...X...X..X.X.X.X.X.X.X.X.X.X.X.X.XXXXXXX
.X.X.X.X.X.X.X.X.X.X.X.X.X.X.X.X..X...X...X...X...X...X...XXXXXX
....X.......X.......X.......X....X.X.X.X.X.X.X.X.X.X.X.X.X.XXXXX
.X.X.X.X.X.X.X.X.X.X.X.X.X.X.X.X....X.......X.......X.......XXXX
..X...X...X...X...X...X...X...X..X.X.X.X.X.X.X.X.X.X.X.X.X.X.XXX
.X.X.X.X.X.X.X.X.X.X.X.X.X.X.X.X..X...X...X...X...X...X...X...XX
.................................X.X.X.X.X.X.X.X.X.X.X.X.X.X.X.X
XXXXXXXXXXXXXXXXXXXXXXXXXXXXXXXX................................
.................................X.X.X.X.X.X.X.X.X.X.X.X.X.X.X.X
.X.X.X.X.X.X.X.X.X.X.X.X.X.X.X.X..X...X...X...X...X...X...X...XX
..X...X...X...X...X...X...X...X..X.X.X.X.X.X.X.X.X.X.X.X.X.X.XXX
.X.X.X.X.X.X.X.X.X.X.X.X.X.X.X.X....X.......X.......X.......XXXX
....X.......X.......X.......X....X.X.X.X.X.X.X.X.X.X.X.X.X.XXXXX
.X.X.X.X.X.X.X.X.X.X.X.X.X.X.X.X..X...X...X...X...X...X...XXXXXX
..X...X...X...X...X...X...X...X..X.X.X.X.X.X.X.X.X.X.X.X.XXXXXXX
.X.X.X.X.X.X.X.X.X.X.X.X.X.X.X.X........X...............XXXXXXXX
........X...............X........X.X.X.X.X.X.X.X.X.X.X.XXXXXXXXX
.X.X.X.X.X.X.X.X.X.X.X.X.X.X.X.X..X...X...X...X...X...XXXXXXXXXX
..X...X...X...X...X...X...X...X..X.X.X.X.X.X.X.X.X.X.XXXXXXXXXXX
.X.X.X.X.X.X.X.X.X.X.X.X.X.X.X.X....X.......X.......XXXXXXXXXXXX
....X.......X.......X.......X....X.X.X.X.X.X.X.X.X.XXXXXXXXXXXXX
.X.X.X.X.X.X.X.X.X.X.X.X.X.X.X.X..X...X...X...X...XXXXXXXXXXXXXX
..X...X...X...X...X...X...X...X..X.X.X.X.X.X.X.X.XXXXXXXXXXXXXXX
.X.X.X.X.X.X.X.X.X.X.X.X.X.X.X.X................XXXXXXXXXXXXXXXX
................X................X.X.X.X.X.X.X.XXXXXXXXXXXXXXXXX
.X.X.X.X.X.X.X.XXX.X.X.X.X.X.X.X..X...X...X...XXXXXXXXXXXXXXXXXX
..X...X...X...XXXXX...X...X...X..X.X.X.X.X.X.XXXXXXXXXXXXXXXXXXX
.X.X.X.X.X.X.XXXXXXX.X.X.X.X.X.X....X.......XXXXXXXXXXXXXXXXXXXX
....X.......XXXXXXXXX.......X....X.X.X.X.X.XXXXXXXXXXXXXXXXXXXXX
.X.X.X.X.X.XXXXXXXXXXX.X.X.X.X.X..X...X...XXXXXXXXXXXXXXXXXXXXXX
..X...X...XXXXXXXXXXXXX...X...X..X.X.X.X.XXXXXXXXXXXXXXXXXXXXXXX
.X.X.X.X.XXXXXXXXXXXXXXX.X.X.X.X........XXXXXXXXXXXXXXXXXXXXXXXX
........XXXXXXXXXXXXXXXXX........X.X.X.XXXXXXXXXXXXXXXXXXXXXXXXX
.X.X.X.XXXXXXXXXXXXXXXXXXX.X.X.X..X...XXXXXXXXXXXXXXXXXXXXXXXXXX
..X...XXXXXXXXXXXXXXXXXXXXX...X..X.X.XXXXXXXXXXXXXXXXXXXXXXXXXXX
.X.X.XXXXXXXXXXXXXXXXXXXXXXX.X.X....XXXXXXXXXXXXXXXXXXXXXXXXXXXX
....XXXXXXXXXXXXXXXXXXXXXXXXX....X.XXXXXXXXXXXXXXXXXXXXXXXXXXXXX
.X.XXXXXXXXXXXXXXXXXXXXXXXXXXX.X..XXXXXXXXXXXXXXXXXXXXXXXXXXXXXX
..XXXXXXXXXXXXXXXXXXXXXXXXXXXXX..XXXXXXXXXXXXXXXXXXXXXXXXXXXXXXX
