XX#XX..X.#XXXX#XXX....X...#XXXX..X..X.....XXX.#...X.X.X.#.X..X..X...X..X..X...X..X.X.X..XXX..X#.X.X......XXXXX..X.X.X..X..X##.X.#......#...X....X..X.X.X.#....#...X.#XXXXXX.#..X....X....X....#...X...XXXXX....#..X...X.....X#.....X.X.....#XX........X...X.X#.X
XX#X.#.X..#XXXXXX..X.X.X#..X##.X...XXX.X.X.X..X.#.....X.X..X..#...X#.X...X.#.X.X......X..X..X...X...X.X.#.XXX.X......X...X.X..X.X#X.X.X#X.#.X.X..X.......X.X.X.X.X...XXXXX...#...X.X.X.X#.#.XX.X.X.X.X.XXX.X.X.#.X.X.X.X.X.X.X.X.XX...#.X.XXX..X.X.X.X..XX......
XXX..X.X.X#XXXXX.X..#....#...X..XX..X...X...X..X..X.X.X.X.X..X..XX.#...XX........X.X.X..X.X...X.#.X#.#XX...X....X.X#X..#X...#.X..X...X##.....X..X..X.##.X.X........XX.XXX.X.X..#..X.......X..X..........#...X..X..........X#..X...#.X#...XXX.X..#...X..X.X.X.X.#
#X.X...X..XXXXX....XXX.X.X.XX.#.X..X.#.X.#.X..X.X..X##..#...X.X..X.X.X#.X.X.X.X.X.#.XX.X....XX.#...X.#X.X.X.X.X..X....X.X.X...X.X.X.#.XXX.X.#.X...#.XX#X...X.#.X.XX.X..X.....##..X.X.X.X#X..X..X.X.X#.X..#.#.X..X#.X.X.X.X.#.#.X.X.....#X.X....X.X.X.X......XXX.
....XX.X.X.XXX.#.X..X...#...X.X..X...#...X...X....X.X.X...X#....X.....X....#...XX.X......X##.X.X.X#..X.......X..X.X.X......#.#......#..#X#......XX...XXXX.X.X...#XX...X.X.X.X...X.....X#.X.X..#.X#.#.X..X#.....#..X...XXX.........X.##X.X..X.X....X....X.X.X.#..
##X.X..#....X...X..X.#.XXX.#...#...X#X.XX..#X..#XX.....X.X...#.X..#.XX..X.XXX.##...#.#.XX.X....X..X.X.#.X.X#X.X....X..X.X.#.XXX.#.X.X.X.X.X.X.#..X.#X.X#.....X.#.X..#X...X....XX..X.XX.X.....X...X.X..X.#.X.##.#.X.X.X.#X#.X.X.X.X..X.X...X.X..#.X.X.X..XXX...X.
.X...#...X.X.X.X.X.X....X..X.X..##..X...X.X.X.X#.#.#.XX....X#XX..X.#...X.XXXX#XXX.#XX...#...X.XX.#.....X....X...X.X.X..XXX...X...XX#.......XXX..X..#....X.X.X..#..X..X.XX.X.X..X.#.XXX...X.XX..#X.X..X.X....#...........#...XX#XX..X....#X...X..X...X..X.XXX.X..
..XX..#.#.X........#.X.X.X....X.X..XXX.#.......#...X.X.X.XX..XX#...X.X....XXXX##...X..X#X.XX.X...X.X.XX.X.XX..XX.X....X.XXX.X.#.X.XXX.X.XXX.X..X..XXX.X#...X..X..X..X...X..X..X.....X..XX.#...X.X..X....X.##..#.XXX.XXXX.X.X.XXX.X...#.X.#.#X..X.X.X.X....#....X
X.X.#.X.#.XX.X.X.X..X......X#X.X.#..X....X.X.XX.X.X.#.....X.X.X..#X.X..X.X.XXX#.X.#.X..X...X..X#....X#X....X.X.X..X.#X...X.........#...#X.#..X...X.X.....XX.X..X...X..X#..X.X...#.#X.X..X.X.#.....X..X.#.X.X.X.X...X...X......X....#X.X..X.X..X........X.#.X.X#.
........X...X...#.X..XX.#X..X..X...XXX.X#.X..X.......X.X.#......#.#..X..#...XXX.......X.X.X..#...X.X.#..X.X......X..X..XX.X.X.X.X.X.X.X.....X..XX...X.X.X.X...X..XX..X.X.X....##XX.X...X...X..#.XX..X.X.........#.X..##X.X#.XX.X.X..X..X....X...X.X.XXX.#.......
.#X.X.X...XX.X.X....X..X...X.X.X.X..X......##.X.X.X#X.X..X.X.X.#X...X..X.#.X.#..X.X.XX......X.X.X.X..#X..#..X.X.#..#.X..#....X...X#....X.X.X..X.#.XX...X....X#..#.X.X......X.X..#....X#..X#..X..X..X....X.X.X.X.....#.X....XX#..X..X..X..X.X..X#.XX#..#...X.#.X.
X.X..#..X#.X..X.X.#...X.XX......X..XXX.X.X..X....X.....X....X..X..XX..X..X....X..X#.#..#.X.X.......X.X..XXX..#XX..X....X..X.X.X.#...X.X.X....X..X..X.XX.X.X#...##.....#.X.#.X#.XXX.XX.X.X.X.X.XX.X...X.#.X...X..X#.XX..X.XX.X..X.X...#..X.X..X.X..X.X...XX.XX#..
...##XX......X...X..##..X..X.XXX.X..X...X#.X.##.X.X.X.X..#.X.X.#X..#.X..#..#.X..#..X.X..XXX.X.X#.#X...X..#..XXX.X..X.XX.X..##..X..X..X...X.XX..X..X...X......X..X.X.X#...XX..X..X...X..........X...X#.X...X.X.X...X...X...X..X.....X.X.X...#.....X...X.X.X..#..#
X.X..X..X.#.X.X.X.X.XXX..X..X......XXX.X.X.#.......X...X..X...X...X....X..XXX..X..X...#..#......XXX.XX..XXX..X....X...X...X...#.X#..X.X.X...X.X..X..XX..X.X.X.X.X..X...XX...X..X.#.X..X.X.X.X#X.X#..X...XX.#....#X#.#...XX..X..X.XX.X....#X..X.X#..XX......X.X#X
..X.X.X..X#X.........X.X...X.X##.X..X.....X.#.X.#.X.#.X..X.#.#.#X...X#X.X..#XX..X...XX..X.X.#.XX.X...X.X.X..X.X.X...XX..X#..X.X..X#.......#X....X..X.X.X.X#X...X..X.X.X..##...X......X.#X#...X.....X..#X.X.X.XX##..X..X#.X.X..X.XXX..#.X..X.X.X#..X.X.##.XX...#X
X.X.....X...X.X.#.X.X...#X....X.X..XX#.#.X.....X.X#.X..X...X...X..XX.X....#.X..#..XX.#X....X...X..X.X.....X....X..X#.X.X.X.#.X#.X.X.#.X.X..X.#X#..#.......XXX.X.X....X..#X..#X..X.X.X...X#X.X.X.X#X..#XX....X.....X..X.......X...X..X...X.#....X.X.....#.X..X#X#
...##.X..X.X.XXX.X...#X.X..X.X...#..X...X#.X.X#.......X..XX..XX.X..X..X.X....X.X.X.X.X..X.X.X.X..X....X.X#..#.X.X....................XX#..XX.X...X..X.#.X#.X......X#X.X....X.X.#.X..X.XX..XX......#.X.X..X.X.X#X.X.X...X.X.XX..XX.#...XX.#..X.X....X.XX.#XX...XX
X.#.#X..#.....X...X.X....#..#XX.#..X..XX.X..X...X.#.XXXX..X.X.X...X..X...X.XXX........X..X......X..X.X.X...XX#....#XXXXXX.X.XXX.XX.#X.XXX.X...#.X..#.#...X..X.X.XX..X..X.X........##...X.X.#X.#.X.X....#..X...X......XX.#..X..X.X.X.X#.X..#..X..#.X.XXX..X..XX.X
..X...X..X.X#X.X.X...X.#.X.#.X...X..#..X...#.X.X.X..#.X..#......#X..X..X#.X....X.X.XX.X.X.X.X.XX..X.X...X.#.X.X.#........X..X..X..XX#..XXX.X.X....X..X.XX..X...XXX.X..X.X..#.X.#.X..X.X.....X.X..X..X.#..X.X.X.X.X.#..#.#X#.X........X...X..X.X..X...X..X.X..X..
#..X.#.X....X......X#XX.......X.X..#..X..XX.......###..#.#.#.#X..X.X..X....X.#..#..X.X.......X...#...#.#........X.X.X.X.X.#.X.X..X.X..X.X......#.X..X.X..X...XX.X....#...X.#.X..X.X.....X.XX.X..X.X..X..X.......XX#X.X..X.....X.X.XXX..XX.X.....X.X.X.X.....X..#
X#...X...X.X.X.X.#X..X.X.X.X.X...X.X.X..X.X.X.X.X....X...X.#.X.#.#...X..X.X.X#.X.X.X..#.X.X#X.X#.#.X#....X#.#.X#.X..#..XX..X....X..X.X...X.X.X#.##.X...X...XX.X..X.X#..#X..XX.##....X#.X.#....X.....X.X...#XXXXX.X#...#..XX.#..XX#X.X.X.X...X.XX........#XXX..#X
X#.X..X#..X...X...X.X...X...#.X.X......X.....X...X.XXX.X....X...X..XX..X.X...X.X..X..#...X..#....X....X.X..X#X....X..#X...#.#.XX..X....XX.X..........XX.#X..X...X...#.X.X.X.X...X.X..X.X.X.#.X..#.XX....#......#..##.X..X.X.X.X.#...#.....XX.XX#.X.X.XX....X.X.X
X.X..XXX.X.X.X.X.X..#X.#.X.#....XX.#.X#..##.X.#.X..X..X..X.X.X#...X.X.X...X.X..X.X.X...XX.X...X.X..###.#..X.XXX.X#.X#...#...X..#.#.X.XX.X..X.X.X.X.X#.X.#..#..XX..XX.........#.X.X..#.X...#....#.#.#.X.X#.X.X.XX.X#...X....X....X.#...X##X.#..##..X#.X.#.XX.....
...X..X............#........X.X..#X...X.X.X.X.X..#.X.#.X..X...X.XX......XX....X.....X#..X..X.#.#..X..X..X....X...#...X.#..XX..X..#.X..X...X...X...X......#.#.X.X.X.X.X.X.X.X......X.X..X.X..X.X..X.X..X....X..X.....XX..X.#.X.##.X.X.X.##X...XX#.X.XX...X..X.X.X
.#...X.#.X.#X.##.X..X#X.#.X..X..X..#.#.....X...#..#......X.X.X...X.X.X.X.X.##X.X.X.X...X..X.....X..X...X..X.X.X.X..X#.X..X.X.X..#..X.X..XX..#X.X.#.#X.#.X.............X...XX.X##.X....#...X..#X#...#.X.X#.X..X.X.#.X.X.X.X....#.........#..XX.X.....X.X..X....XX
X.X#.X..XXX...X...#.X.X.#X..X.#..X.X.X.X.#X.X.XX##..##.X.......#X...XXX#....X..X..X..XX..X..X.#X..X..XX..X.X......X.X..#.......#..X....#.X.#....X.....X.X.X.X.#.X.X.XX.X.X..#X..XXX.XX..XX..#.#.X#......X..XX....X.X......X.#X..X.X.X.#X.X..X...X.XX.X..X.X#.X.X
..#X.X.XX#XX.X..XX.X...XX.X.....X.......XXX....X..X.X.X..#.X.XX.X.XX.X...X.X.X.X.X.X..X.X..X.#XX.X..X.X.X...X.X.X#....X..##.X#.X.X.X.X.X...X.#.X.X.##..X...XX#...XX.XX..XXX.X..#.X...X.X.X.X......X.#.XX.XX..X#X..X..X.X##..#..X.XX#.X.X...X..X#.X#...X.........
X....#..XX#XX.X..X..X.#.....X.X.#X.X.X.#.X..X.X..X.#...#.#.#..X....X..##..X....X.....X....X...#....X......X#...X#X.X#X.#..#...#....X..X..XX.X.....X.X.X.X.X.X#.#...X...X.X...X....X.X........#.X.X..##XX..X#..#..X.X..X#.X.XXX....X......X#..X.X...X.#..X.X.X#.X
.X.#.#.X.XXX....X.X....XX.X..XXX..X...X...X..X#X....#.X#.X..XX..X.X..#...#.X.X.X.X.XX..X.X..XX.#.X#..X#.XX...XX.X...X...X..X.X.X.#.X.X.#..X..X.X.X............X..X#..X....##...X.X....X.X.X.X...X..X..X..X.#.#XX.....X.X....X..X.X.X.X.XX.X.X....XX..X.X.X#.X.X#
..X.......X.#.#...X.X.X..X..X.X..X.X.X.#.#..X.X..#.X......X.X.X..#..#..X#.....X...X...#.X#.X.X....#.X.#..X.XX.X..X.X.X.#..X.X.....#....X.X..#...#X.X#.X.X.X.X#.X.X.X#..X.X#.X#..X..X.X.X...#XX.X.X..X..X...X..X..X.XX....X.X.#..X...X...X.....X.#.X.#......#..X.
.#.XX.###X...X..##.X....#.X....#...........X...#..#..#.X.X.X....X.X.X#....X.XX.X.#.X#..........X.X....X.#...X...X........X...#.X#X.X.#X....#..X.#...X.#..XX.XX..X...X#..X......X.X..X...X.X.X.X....X.X...XX.X..X..XXX.X.X.X#.X.X.X.X.X.X..X.XX.X......X.X.X..X..
...X....X.X.X.X..#..#.X.X...X.X..X.X.X.#.XX..X.#X..X.X..XX..X.X......X.#.X.XX#.X.X..X.X.X.X.#XX.X#.X#X.X.X.X..##..X.X.X.X..X....X.....X.X.#XX..X.X.X.X.#...X...X.X.X.X.X.X#.X.X....X.X.X.#....X.#X....#X..X..X...X.#...X.................X.XX#...X.#.X.X#...##X.
.X..X.#.........X.X.X..X.X#..X..#X#...X.X##.X.X#..X...XX...X.X..X.##X..XX...X..X...X...X...X..X..X...X.......X.X.X.X...#X.#.##.X.X.X#X...X.X..#........X.X.#.X...............X..#.X.......X.#..XX..X.XX..#..X.X#...X#.X.X.X.X.X.X#.X.X.XX...X..XX.#.#....#.#XX..
X.X..X.XX.#.X.X...X...#X.X..#.X.##.X.#..........#...XX.X.X....X..X.X..X.##.#.#.X.XX..XX.X.#.X.X.#..XX..#.X#.#.......X#X...X.XXXX.#..X..XX...X.X.X.X.X.#.XXX.X..X.X.X.X.X.X.XX.X.X.X.X.X.##.#..#X.X..X..X.X.X...X.X#.X......X..#..X#X##.X..#X.X..X.X..X.#X.XXX.X.
....X..XXX...X..XX.##.X...X....X...#...X#.X.X.##..XX.#..X..X.X..X...X...X......X..X.#.X..X....#...X.X.X#.X.X..X.#.X#..#.#....X.....X.X..X.XX.....XX#..#..X...X..#...X..X.#.XX....X...X##.X..X......X.#.......XX.......X.X.X.X..XX.XXX.XXX..X...X...X...X...X....
#.X..X..XXX.X.X..#..X..XX...X.X.X.X..X#..XX#X#...X.X.X.X.X..X..X..##..XX..X.X.XX.X..X...X.X.#...XX......X....#.X#X...X.#X.X.X.X.X.X....X...X.X.X#.X.X.#.X.#.#..X.X.XXXX.X#X...X#X.X.X.X..#.X.X.#.X...X.X.X.XX.X.X.X.XX.XXX...#.X...X...X..#..XX..X#..X#.#.X.X.X.
.X.X...#.#XX....X..#..X..##..#....X.X.X.X.X.X.X#...........X.X...#.X.#.X.X.X#X.....X..XX...#.X.X.X.X.X.#.X.XX....##.#..X...X...X....##X..#X...#......#........X...XXX.X..X#.X..#.......X......X.X..XX.#...XXX....X#..X..XXX.XXX.X.XXX.X.X.X.X.X.X.#.X.X.X....#..
....#X....X.X.X..X..#..X.X#.X.X.X.X............X.#.X.X.X.XX....X#............X##.XX..X.X.X#.........XXX.....X.X.#.X.X.X.X.X.X.X.X.X...#.XXX.X.#.X.X.X.X.X.#.XX..#X.X....#..X..XXX.X#.X#.X.X.XX...X..X..X.X.X..X.#.X.X..#.#...X.....#......................X.#XX.
X.X....X.X...X..X..X..X#..X....X..X.X.X.X.X.XX#..X.#..XXX.X.X.X.X.X.X.X.X.X.X.....X.X.......X.X.X.XX.XXX.X.X...X...................X.X...X...XX#...X.....X..XX.XXX..X.X...#.#..#...X.X.....XXX.XX..#..X.....X..X...#.X.X..X.X.X.X.X.X.X.X.X.#.X.X.XXX.X.XX.#.X..
#X.X.X..X.X.X.X...X.X..X.#.XX.X.X.X..X...X#.X..X..X..XX#X.#..#.....X...#...X#X.X.X....X.X.XX.#X##.X...X...X..X#.X.X.X.##.X.X.X.X.XX.XXX.#.X.X.XXX.X.X.X.X.XX....X..X.#..X.X.X.XXX.X.XX#.X.X.X...X.#..X..X.XX..X.X.X......X.....X.......X..XX.X...XX..##X.X.X..X.
X...X..X........#X....XX...X....X.X.X.X.XX.X..X..X.X..X.....XXX.X.X.X.XXX.X.X...#..X.X.X#X.#.XXX.XXX.X.X.X.X..#..X...X....X...X..XX..X.........X.......X#..X.X.X.X....#..#.....X.....X#..X...#.X....X..X.XX#.X.....X.X.XX..X#.X.X.X.X.X.XX....X.XX..X.#X.X..X...
.X.X.X..XX.#X.X.XX#.X...X#..#.X.X.X....XX...X..X....X#X#.X.X.X...X...X#XXX...#.#.X..#....X....#...X..........##.X.X.X.XX.X#X.XX#X...X.#.X.X.X.X.X.X.X.#.X.X.#......X.XX.###.X.X.X.X.#.X.X.X.X....X.X..X...#....X##X.#...X.X..X...#...X...X.X.X.X..X.#.X..#.X.#X.
......X..#X..X...XXX..X.X.#.X..X..X.###..X.X.#...X.#..X.#.....X.X.X.X..X#..X.X.X...X.#.XX.#.XX.X.X.X.#.X.##X##.........X.X.X#X#.X.X......#XXXXX....#XXX......#.X.XX.X......X.......X..........X#X.X..#..X..X.XX...X.##.X....X.X.X.X.X.X.X.X.....X......X.....#..
.#X.X...X...#.X.X.X.X..X......X.X.X.XX#.X.....X#..X..X..X#.X.X.......#...X#.....X#......X....X........#.XXX.X..X.X.X.#X.X....#...X..X.X.X##.X...#.X.#...#.X#.X..X....X#.X.X.X.X.X.X.X.X.X.X.XX.X...#.#.X.XX...#.XX..X....X#X...............X.X.X.X.X.XX.X.X.##X.
...X.X#..#X.X.....X...XX#.X.X...#.#..X...#.X.X.X.X.X...X....#..X.X.X.X.XX..X.X.#...##X.X..#.X..X.X.X.X..X#..X.X.X...X.X..X.#..X.X.X..X#......X#..#...X#..X..XX.X.X#.X..X.......XXX.....##..#XX..X.X#......X#.X...X.X.X.XX.X..X.X.X#.X.X#.XX...X...#...X....X#...
#.X..XXX.....#X.X..#X..#...#..X.X...X.X.X...X........XX..X.X.X..X#..X...#.X.#....X....#..XXX..X.X..#...#..X.X....X.X....X...#.X.....X.X.#.X.X...#.X.X.X.X.X...........X.X.X.X.#.XXX.X.X...X.X..X...X.X.X.#....#.X.......X..X..XXX.#..#.##...XX.X.X.X.X..X.X.X.X.
.X.X..X.XX.X.X...X.X..XX#.#XX..X.#.X.....X.X.X.X.X#.X.X.X.X#...X.X.X.X.X.....#.XX.X.####..XXX....X..X.#.#...X.#.X.XXX.#...X#.X..X.#X...X...XX.X............X#X.X.X.X.X.....X#.X..X...XXX.#...X...XX...X#X..X.X....X.#.XX..X..X.X...X...X.X#..X.........X.X...X..
.....X...#X...X.X.X.X..X.#.#..X..X...X#.#.......X..X.........X#...X......X.X.X..X..#..X..X.X..X.X.X..#..#.X#X..X...XXX..X#....X..#.X.#X.X.X..X..X.X.XX.X.XX.X...X...X..X.XX..X..X.X.X.#XX.X.X..X#.X.XX..##..X..X.X.X...#.X..X...X#..X.X..X..X..X.X.X.XX...#.#.X.
.X.X..X.X..XX.....X...X..X..X...X..XX.#..X.X.X.X.X..X.X.X#.XX...X#.#.X.XX.#X#..X..X..X..X...X..#...XX.X....X..X.X.X.X..X...X#X..X....X#..X..#.X..X..X.#..X...X.X.X.X.X..#...X.X........X..#...X.X....X.X...X.X..X...X.X....X..XX...X.X..X..X..X.#...#.X.X.X.#...
..#.X....X.#.XX.X..#X..X.X.X..X..X..X..##...XXX...#....X#.#X#.XX....X...X..XX#...X.X..X...#X..X.X.X.X..X.XX.X........X...XX.X..X.#.XX.X.X.X.....X.#.#..#X.X.X.....X....#..#.....X.X#.X#.X...#X....X.X....XX....X.X.X.X..X.X..#.X.XX...X..X...X...##.X....X..X.#.
.X...X#X...X.X...X.X.#...X..X..XX..X..X..X.X.X#X.X.##.X....X...X.#.X.X.X..#.X..XX...X...XX.X.X.......#....X.X.X.X.X.#..#X.X..#...#..#......XX.#...X..#..X.....X.XX.X.X.X.X..X.X#.X..XXX..X.X.X.X.#.X..#.X.#.X#X.......X..X..X.....X.#X.X...#X..#...#.X#.X.X....X
X.#X.X..XX....#.X.X..X.X.X.X..X..X...X..X.....X.........X.X..XX..X.X.X...##..X..#.XX.X#..#.....#.X.#X..#.X..X..X..#X..X.....X..X.#.X..X.X.X.X.X.XX.X.X.X.X#.XX.XXX..X...X..X.X....X..X..#.......X...X.X.X.#...X.X.X.X#..#.X...#XXX..X...X#..X.X..X#..X......X#X.
......X.#.X#X.X...XX.X#..X..X...X..XX..X#X.X.#.X.X#.X.#X.X..X.X.X.X..X.X#XX.X..X...X....X..X.X..##.X.X.X...X#.X.X.X.#..X#.##..X.X...X..XXX...X...X..X........X..X..X.X.X.X....X.XX..X.X...X.XX.X..XX...X....XX...X#.X..X....X....#.X.X.X.X.X...X....X.X.X.XX.X..
.#X.X...X..X....XX.....#.#.X..XX.X..X.#.X...X......XXX.X..X........X.X...#....X..XX..X.#..#.#..X..X#..X..XX.#....#..X.#.X.X..X....XX..#.X#X.#.X.X..#.X.#.X.XX..X.X.........#.X...X.X....XX.X..#..X.X.X#.X.XX.X.XX..X..X.X.XX.X###............#X.X.#X.....XXX..X.
X.#X.#X...X.X.X..X.X.X.X...XX..#...X..X..#.X.X.#.XX.X....X..X#.X.XX..X.X..X.XX..X.X.X.X..X..XX.#.X.X.X.X..X...#.#..X.......X...X.#.X.#...X........X.....#..X..X....X.X#.X.X.#..#X....X.#.#..X..X......X....#....X.X.#......X....#.X#.X.X.X.X..X..X...#X.#.X..X..
.....X.X#....X..X.X...X.X.X...X#.X...X..#.......XX#..X.#X..X.X.#.#..#...XX...X.X........X.X..X.X.........#.X.XXX.X..X.X.#.X..XX.X.....#.X.X.##.X.#.X.X.X#X#XX...#.#.#..##.X..#.##.X.#.X....X.X...X.X.X..X#.X.X.X......X.#.#..X#X...X.#..X..#.X..X.#.#X.....X...X
.X.X...X..X.X.#...XX.X.....##...X..XX..X.X.X.X.X.X..X...X.X...X.X.X..X.X.X#.#....#.X.#XX....X.X..#.X#.X.X..X..X...X....#.XX.X.X...X#.X........XX#X....X#X..X..XX.X...X.X##XX.#..X..X...X.X#....X#.X#.X.X.XX...X..#.#.X.X#X..X.X#.XX.#.###.X.XXX...#.X.X.X.X..#X.
..X.XX..XX......#X....#X#.#...X#XX..X.X..X..#X##..#...XX....X#.....X..........X.#...XX.X.X##...X..X....X.X.#.#.X.X.X#.#.........X#..X..X.X.X#X.#...X.X.X..X.X..X...X#...XX#..X.X..X.X.X.....#.X.....X.....X#.X.X.X.#X...XXX.......X.X.X.##...X..##.X.....X#.X.X.
.X..#..#X.X.X.X.X#X.X...X.X.X..XX..X...X.X.XXX.X.#..XX.X.X.X...X.X.X.#.X.X.X.X.X.X.#X..X..##.X#.X..##.X...............X.#.X.##.#...X.X..X#..XX.X.X..X...#.....X..X#.#.XX.X.X.....#......#.XXXX..X.XX.X.X.#........#..X.#.X..X#.X.X......XX#.X.X.X#..X.#.X.......
X.X.#X.....#XX....XX.X.X...X..X..X...XX..X..X......X.X....#X.XX.X##...X#..XX.X....X..#.X.X....#...X....XX.#.#.X.X.X.XX.XXX..XXXX.XX....X..XX....#..X.X.X.X###...X......#.....X.XX..X.X.X.#..XXX..#......X..X##.X.XX#......X...XXXX.#.X#X.X.........X.X....#X.#.#
......X.X.XXX.X.#X......X.XXX...X..XX.X#.X.X.#.#.X#....X.X....X..XXX.X..X#..X..X.X.X...#...X#X..XX.#.##..#X.X..XXX.X.X..#.#..X....X.X.X..X.X.#.X##............XX..X.X.X..X.XX.##..X.#....X.#.X..X.#X.X.X.X....X..#X.X#.X.X..XX.X....X..X...#X#.X.XX....X#...X.#X
#.X.X.#X...X.....#X.X.#....#..X..X..X..X.X.....XX...X.X.X..X.X..X.X....X..X..X..#...#X.X.XX.X..X.X.X....#....X..X....X.X....X.#X.X...X#.#...X#..X..X.X.X.#.X.X.X.X.X..XX..X#X.X.X...XX.XX.....X...X...X....X.X.XX....#..X..X.X..X#.#.#...X....##.XX.#.X.X.XX...X
...#..X.X.#.X.#X..#.##.XX.X.X..X#..X..#..X.X.XX.X#.X.##..X#....X...X.XX..#.X...X.X.X...X..X..X......#.X..#X.X.X.#X.#X...X.#...X....XX.....XX.X.X..X.XX#X#X#X##......#X...X.X......XX.X.#XX.X.X..XX.X.X.X.XX.#...X.X.X..X.X.....X.X...X.X..X.X.##X...X.X..XXX#.X.
X.XXX.......X.X..X.XXX.X......X..#...X.X.X..X........X#.X..X.XX..X.X..X.X...X#......##.X.X..X..X.X#X.#..X#.....#....X#.X.X..X#.#.X#.X.X.XX.X.....X...XXX.X.#.X.#.X.XX#.X....#.X#.X.X..X.X...#X#..X........X.X#.X.X...X.....X.XX....##.X..X.XX#.#X#X..X..X.X#....
...#.XX.X.X..#.X.X..#...X.X.XX.X...X.X...X.X.X#.X.#.X.X...#...X.X.X..X....#X...X#.X#.X.X...X..X.X..X..X.X.#.#.X.X.X..X.....X.X.X..X....X.....#.XX..#X.X.........X..XX.X..X#.X...#X...X...#.XX#..#..X.X.X.X........#.X..#.XX.XXX.X.#XX..#....X...X#..X.X.....X.X.
X.X#...#XX..X....X.X..#..X...X..X.X.X..X.X....X..X.X....#X..XX.....X...X.X.X.XX.X.#....X.XX..X...X...X.#..#.XX...X..#..X.XX......X..X.X.X#.XX.XXX.XXX..X.X.X.#.X.XX....X...X..X##..XX..X....X.X.X.X.X##XX..X####.X....X..X...X...X.X..#..#.X.X.X..X.....X#.X...X
...X.#.#X.X..X.X.X..X#..X.#.X..X.....X..#..X.#..X...#.X#.#.X.X.#.X#X.XX.X#....#..X..#.X...X.X..XX..XX...#....X#.X.X...X.#XX.X.X#X..X.X...X..X..X...X..#.XX#..#....X.#.X..XX.X..XXX..X.#.#.XXX.........XXX#....X.XX#.XX.X#XX.X.X.X...X.#.X.X......X..X.XX.#.X.##.
X.X...X....X.#X..X.X..X.......#XX.#.XX.XX#..X..#..X#............X.....X....X#X..X.X..XXX.X....X.X.X.X.X..X.XX.X.....XX...#...X#.#.X...X.X..X..X.X.X.X.X..X.X##.X.X.X....X.X...X.X..X.....X....X.X.X.#X.X#..#.X...#...X...X........XX.......X.X.#X..X.#XX..X...X.
X#.X.X.#.X...X.X.X..X..X#.X.XX.#..XX....X..X.X.#.X..X.X.X.X.X.X#.X#X.X..X.X..X.X...X..X....#.#.........X.X..X...##.#.X.#X.#.X.X.X...XX....X..X..........X...X...X#..#.XX....XX...X...X#.#.#.X..XX##.X.....XXX..X..X.X..XX.X.X.X.XX.X.X.X.XX...X.X.X...X..X.X.#..
X#......X.XX.....#.XXX.X.X...X..X..X.X.#.#.........X...X#..X..X...X....X.X..#....XX..X.X.X..X#.X.X.X.#X.X..X..XX..X#....X.X.......XX.X.X.X..X..X.X.XX#.#..XX..#X.X.#X..X.X#X.X.XX..XX.X.X.##..X.X.XX.X.X.X.XXX..X.X...X.X....X..X#....X...X.#X......XX.#.......#
X.X.X.#...#.#X.X.X..X.....X.X.X.X.X.X..#...X.X#.X.X..XX.X.XX#.##.X.X.XX...X...X#X.X.X.....XX....X##..X...X...X.X.X...X.X....X.#.XX.X....X..X..X.X..X..##.X.X.X.X...X..X...#.....X.X.X..X..XXX......X....X...X..X.X..XX....X.X.XX...X#X.X.#..X..X.X.X.X...#.X.X..
...X...#X.X..#X..X.XXXX.X.....X.X....X..X.X.X....X..#.X..XXXXX.....X..X.XX..XX..X.....#XXX.X#.#X...X#XX.#..X#......XX.X..X.X.X.XXX...X.X.X...X...X#XX..#.........XX.X...X.X#.X#X......#.X..X..X#.XX.X#.X.X.X.#....#..X.X.X.X...X.X..X...XX#..X..XXX....#X.X.#.#X
.#.X.#.#....X..X.X..X..#.XX.X.X.X.X#..X......XX.XXX.....X.XXX.#.X.X..X...X.X.X.#..X.X....X..X..X.XX..X..X.X.X.#.X.X.X..X..X.....#..X#.X....XX..XX..X..X..X.##.X.X.#...XX.X....X#.X#.X.X...X.X...#.X..X.........X.X..X...#...X.X.X..#.#.X.X..X..X.XXX.X........#.
X...X.#X#.X..X...#.X..#..X...#..X...XX..X.X#X.#..X..X.XX...X.....XXX...XX......X.X.#..X#X..X..X...X.X.#.......X.#.#...#..X.X.X.X##.....X.X#.X.X.X.X.X...X.X...#.X.X.#X.#..X.XX....#..XX.XX....X...X.X..X.X.X.XX.#..X..XX.X.X.....X........#...X...#...X.X.X.X...
..#X...X.#.X..#X.....#X.X.X.X.X.X.XX..X..XX#..X.X.X..XXX.XX.X.#.X.X..XX.X.X.X.X....XX..X.X...X..XX......#.X.X#.X.X..#X..X.....#X...#XXX...............#X...X.#.X.....X...X...X.X.X.XX....#.X.X.X.XX...#.X...X.X.#X...X.X.....X.XX..X.X.X.X#.X#..X#XX.X.X...X..X.
#...X#...X..X.#.X.X.XX..X...X...X..X.X..X.#.X..X....X.X...#..X.....X..#....X#.X.X.X.X.X....#X..X.X.X.#.X..##......X..X.X..#.X.X..X....X.X.X.X.X.X.#XX..X.XX.X...X.X.X..XX..XX...X#..###.X...X...#...XX...X.#....X..X#....X.XX.XXX.X.X...#XX....#.X#.....X.X.X..X
.XX.X..#..X........XX.X.X.X.#.X.X.X...#...X...X.X##....X.X..X.#.X.X..X..X.X..X...X...X#X.#.X..X.....X.X#X...X.X.XX..X....X#..X.#..X.#X...X...XX##.X..X.X..#...XX...X..X.X.X.X.X#...#......#X.#.#.X#..#.#X.X.X.X..X..X.X.X.X#...X.....#.X.X..#.X#...X.#.X.X....X.
.X..XX#XX..X.X.#X.X......X..X..X....XX..#X..#X....#.X.X....X.....XXX..X..X..#.X.X.X.#..X.X..X...X.#X...X..XX...XXX.X..X.X..#XX...X.X.X#.X.X##XX..#X.X.X..X..X#.X.XX.X..........#.XX.X.X.X..X.X......X...X....X..X..X...X....X.X.X.X.X..X..X..X...X#...X...X.X...
..X...#X.X.XX..#...#X.X.X.X.X.X.X.XX...XXX.XXX.X.#...X#.X.X..X.XX.X..#..X.X.........X.X.X..X..XX.X.#.#X.X.X.X.X.X....X.X..X...X.X..........XX#..X......X..X.......#...X.X##.X.X...X....X..X....X.XXX.X.#..X.#.X...#..#X.#.XX.......XXX.X#...X.X.X...XX.X.X.X..X#
X...##.......X.#X.XX#X..X...#...X..X#X..X...X...X.X.X....#..X.XXX..X...X....#.#.#.X#.....X...X.X.....#...X.......X.XX...X..#X.....X.X.X.X#X.XX#..X#.#.XX.X..#.X.X.X.XX.#X#.X...#.X..##X.X#XX.#X.X..#...X.X.X....XX..X...X..X.X.X.XX.XXX...X.......#X.X......X.X.
.#X.X..X.X.###X....X..X.X.X...X.#.X.X..X.X.X.X.X......X.X.X....X..#X.#X..X.X...XXX...X.XX..XX....X.#X.X.X.X.X.X.X...#.XX..X..##.XX.X...XX.#..#X.X.X.X.#....X#.#..XX..#.XXX..X.#....X..X...#..X...X...X#......#.X.X.X.X#...X...X#.X...XX##X..X.X#.X.X...##XXX.#..
....#.#XX...X..XX.#XX....X.X.X.X.....X...........X.X#X.X....X.X.X.X..X#.#.XXX.XXX.#.X.X#X.X.X.X##.X.X......X...X..XX...X.X.#.....X..X.##..X.X#.......X#X.XX..X##X...X...X..X.X..X.X..X..X..X..X.X.X.X.X.#.X.XXXX........XX..XX..XXX.X.XXX.#..X..X#...X.....X..X.
X.X..X.X.X.X.X.X...X.XX.X......X.X.XX..X.#.X.X.X#.X.....#.#..#.....X..X.X..X...X.......X..............X#.XX.X.X.X..X.XX....X#.X.X..X.X..X.....#.X.X.X.#...X.X.X.X.X...#X.#.....X.X..X..X.X.X.X..........X..X.X...X.X.X.X.X.X.X.X.X.....X....#.X..X.X#.X#.XX..X..
##.#............X.#..X...#.X.X#...X#.X..X...#XX....X.X.X.#..X.X.#.#..X....X.X.X#X.#.X.X.X.X.X.XXX#.#.X.X.X........#...#.X.X..X....X...X...X.#....#..#..X.X.......X..X.X#.X.X.XX...#...X...X....X.X.X##.X.X....XX..X...#...........#.X.X.X.X.....X.......X..#...X
.#..XX#X#X.X.X#....X..X.XXX....X.#.X...X.X.X#X.X.##.X......X.....X#X...#XX...XXXXX...X.....XXX....#.X...XXX.X.X.X.X.X.X..X..X.#.XX..#X..XX.XX#.X#..#XX.....X.X.XX.X..X......XXX.#.X.XX..XX.X.XX.X..X..X...X.X.#..#.X.XXX.X.X.X.X.X...X...X..X.#X..#.#.XX.#.#.XX.
.X.X......X.#.#X.X..X....X.X.#.X.X..X#....#X#........X.X.XX..#X.#.X..X...X.X#.XXX.X.X.X.X.X.X..#.X...X.#.#...X...#...X#.X.X...#..X.X.X.X.X..#.XXX##.X..X.XX.X..XX...#.X.X.XX.X...X...X.X.X....X..X.X.X.X.X.X...X....XX#...X..#X...X.X.X.X.X..X#X.#XX.#...X....X.
....#.X.#......#X..X.XX.X.....X....X...#.X.X..#X.X.XX...#X..X..#...#..X.XX.....X.........X...X..X#X.X....X#.X.X.X.X.X.#.....X.X.X..........#...X#....X..XXX..XX...X.X....#XX..X.X.X.#......#XX..X.X....X....#.#..X.X.X.X.X.XX..#.#..........X.X...X...X#..##.X..
.X.X.#X#.X###.##.X...X..XXX.X..X.XX.X#.XX...#.X...#XX.X#X.X..X...X.X.X.#...X.XX.X.X.X.X.X.#.X.X..X....X#X......X........X.XX.X....#.X.X.XX.X.XX..X.X#..X.X..X.X.X..X..X##.X..X......#.#.X.X..#.X...#.#.X.#.X.XXX..X#........#.X.XX#.X.XX.X.X...X.X.X.X...X.....X
X.....X..X.X..X....#X.X...##..X...X..X..X#.X.#.X.X##...X....X.X.#.X.....X#..XXX..X...XXX........X.X.XX..X.X.X.#.X.X.X.XX.X....X.X###...X..X...#.X.....X...X....X..X.X...X..X...X.X.X...X...X.X...X....#..X.X..X..X.X.X.X.X.X.....X...X..#X#..XX........XX..X.XX.
.XX.#...X....#.X.X.#....X.X.X...XX..X..X.....#......X.X.#.#.....X..#.X.X.X.X.X..X.X.X.XX#.X.X.XX.....X.#...XX#.....XXX.X..##.X....#.X.#.X...XX...#.X#X..XX..X.X.X.....XX.X...XX.X..XX.#.X.X#.#.XX.X.XX.#..X..#.X......X...X.#.X.#.X.#.X..X.#..X.X.X.X.X.X.X.XXX.
.XXX.XX..X.X.X..X..X.##..#..X.X#.#.XXX...X.X#.X#.#.X.....X..#.XX..##..X.......X........X...XX#.X.#.XX..X.XX.XX#.X.#.X..#.X.....X.XX.#.X...XX.X.X#....#.X.X.X.X#...X.XX.X..X#..X..XX......XX#....X..##..X.X.X.X...X##.#.#.X...X..X...X..X.....X...X...XX......X..
..X..X.X..X....X.X..X.X.X.X.X....X..X..XX.XXX....XX..X#.X..XX#XX.X.X.X.X.X.#.X..X.##.XX.X.X.X.....#XX.X...X..X...X...X.....X.XX.X.....#.X..X....X.#.X.........X.#X.X.....X.X.X..#.#.X.X.X.XXX.XX..#..X.........XX.X.X...X..#..X...XX..#..X.#X..XX.X.X...X.X##.X.
.X.X.....X.X.X.....#........X.X.X..X##..X..X..X.X.X#...#X.X.#X#..#........X..#.X.X.X.X.......X##.XX#....XX..X.X.X..XX.#.X#X.X#X..X.#X..X..X..#.XX.X.X.X#.X#.XX..X...X#.X#......#...X...#...X...X.X..X..X.X.X.XX.X.....XX.#.X.X..XX.X.X..X.X.X.X.#..#X##..X#.X...
....XX.X....#.X.#X.X.X.#X.X.X..X..#.X..#..#.X..X#..X.X.#.....#.X...X###.XX.X.X......XXX.X.X.#.....#.X.XX.X.X......X.X.X...X..X..X.X.X.#.X...X.##...X....#..XXX.X.X.#....X.X.X.X..XX.X.X.X.X.X.X....X..X.X#..X##...X.XX.X..X....X.X....X.........X.X##.X.#.X...X.
X.X.XXX.XX.X#..X....X.XX##..X.X.X.X..X.X.##...X.X.X...#XX.X#....X.X.#.X.X...X..X.X.X.X...XX#..X.#X..X..X.....X.X.X......XX..X.X......X....X.X.X.X.X.X.XX.X..#......#.X#X...X...#..X.............X.X..X...X.XX#..#X.#.....X.X.XX....X#X..X.X#.X.#...........X#..X
XX...X..X...X.X.XX.X...X..X.X.......#.......XX......XX.X...X#.XX.......XXX.X.X..XXX...X.X.X..X.X...X#.X..X.XX.#..#.#.X#X.#.#....X.#.#.X.X..#...........X...XXX.X.XX...X#.XX.#.#..X..X.X##.#.X.XX.X..X..#X.X#XX.X.X.X.X.XX.....X.X.X.X#.X.X....XX.X.X.X.X.#X.X.#.
X.X.X.X..X.X....#....#X.X...X.X.#.X..X.####X.X.#.X.#.X..X.#..X#.X.X.X.X.X......X.X##.X......X...#.X.....X.XXX.X.X..#.X.#...X.X.X.XXX...X..X.X.X.X.X.X.X..XX.X...X#X.XX....X.X#.X...X.XXX.X.X..X...X...X.X...#.......X...X.X##X...X........XX.X#...X...X.#.......
.......X....X.X..X.X.X....XX...X.#..#..X.##....##XX....X..#.X.X....XXX...X.X.XX........X.X.X..X....X.X.X...X...#.X..X..X.XX...X...#XX.X.#.#....#...XXX..X.X..X.X.X...#.X.X.......##...#.....XX.X.X..XX....#..X.#.#X#.#.X.....X.#X.X.X.XX.X.XX.#X.X.X.X...X#.#.XX
X.#.#X..X.#..X..#...X.#.X..X#.##..X#XX...X.X.X#X.XXX.XX..X.....X#.X.XX#.#...XXX.X.X.#.#.XXX..#.X.XXX..#..XX.#.#....X.X....X.X#.X.XX#....X...#.X.X.XX###.....X.....X.#X..X..X.X.XX.X.X..X.X.X.#.....X.X.X#X.X.X.X.X.......X.XX..#.....#X.#...X.......#.#X.....#..
...X..X..X#.#.X..X.X...X..X.X.X..X..#..#X.....#...X...X.X.#.X.#.X....X..X.XX.X...XXX.X...XXX.X..#....XXX..X....X.#.....X.X...X....XXX.XX.#.X.....XXX.X..X#.X..X.XX..X..X.X..#XX.X....XX...X#.X.X.X#.....X#..X...XXX.#.X.X.XXX.XXX.X.#....X.#.X.X.X.#.....X##...#
.##.X...XXX.X...#...X#..X...X.X.X..X.X..X.X.XX.X.X.X.X.......X..X.X.X..X...X..#.X.X...X.X.X....X.X.#..X..X..#.#.#X.X#.X.#..##..X.#.X...X.X..X#.XX.X...X...X..X.#X#.X.X.....#X#..X.##X.##.X.#..X...#.X##X.X.#.X.X.X..X..X#..X...X...X.X.X...X..X...X.##.X..X.X.X.
#X...X#..X...XX..XX...X...X.X.X...X..X.#...#.X.........X.X.XX.X.X..X..#..X#..X.....X.X.....X.XX...X..X.X...X#.X.X...X.#.##.X..#.X...X.X....X..XXX..##...XX.#...XXX.....X.XX.XX#.X.XXX.X......X.X.##..X.X...X......X..X.##.X.X.X.X.X...#..XX..X.#.X..X.X..X...X..
..XX.X..X.X#.X.X.#..#X.#X..X..X.XX..X..X.X...X.X#.#.X.X.X..X....X.X.X.X.X.X.X.X.#.X....X.XX...X.XX.X.....#X..X...X.X.X......X.....XX....X.#..X.X..#.X.#..X...X#.X..X#.X.X#...X..#..X...X.X#.X....X..X....XX..X.X.X..#.X.#...........X..X..X.X......X...X...XX.X.
#.X...X...#X......X.#.....X.X.X..X.X.X....X.X...X..XX.#..X.##.#.X................X..X#X.XXX.##...X...X.X.X..X.X.X......X.X.X..X.#X.X.#.X.X..X...X....X..#..XX....X...#....X.X.X...X.X.X....X#.X.X..#..X.X.X.X.XXX..X......#.X.X.X.XX.X.X.X....#.X#X..XX..XX.#...
X..XX..XX.X.X.X.X....XX.X...X.X.X....X.X#X.XXX.X.X...X..#.#.#..X..X.#.X#.XX#.X.XX.X..X...X.....XX..XX.##X.X.......#X.XX.XXX..X.X.X...X.X...X..XX.##.X.#.X.X.X.X.X..#..X.XX.....X.#......X.X....X..X..X.X.......XXX...X.X.X.XX..#..X...X....X.X.X#X#.X.X.X.X.X.X.
.X.X.X.X....XXXX.X.X.XXX..X.X.#...X.#...X...#.....X.#..X..X.X#..#..X.XX#.#..XX#.....#.#.X.X.X.X.X.#.X.X.#.#.X#.X.X..#XX..XXX.......XX.X..XX..#.X.X.............X..X.X.X..X.X##X..X.X.X.X.#X.X.#.X..X....X.X.X.X.X..XX.X....#.XX.X.##.X.X.XX.##.#.#.............X
........#.X...X...X...X.X..#..X.XX.XXX.X.X.X#X.X.X.XXX..X.X....X..X...X.X.X..X..#.X#.........X..........X.....#..X.X.#..X.X..#.#XXX.X..X..X.#......X.X.X.X.X.XX.X....X..X....X..X...XXX..X...X....X..#.X...X#X...X..X..X.X....X..#.#......X.X......#XX.X.X.X.XX.
#.X.#.#..X..#X.X.X.X.X....#XX.X..#..#.......X...X...X..#..#.X#X.X...X#......X.X.X...X.X.X.XXX.X.X.X#.X.X.X.X.#X#.X....X....#.XX...X...X..X....X#.XX.X##...XX.X....X.X.X...X.#.X...XX.XXX..X.X.X.XX..XXXX.##..X#.#..X..X.XX#.X.#.X....X.X.X...X.X.X....X...X...X.
.X.X..X.X.X.X.........X.X..X..#.#..XXX.X.X.X.#.X.X.X.X...X....X...#X...X#.X#...X..XX...X..X.X....#....#.....#.X.X..#.#..X.X...#.X#..XX..X..X.X.X#XX....X#...X.X.X#.X....XX.X....XX.X..X..X.......X.X.#....X.X...X.X..X...X.XXX#...X.#.#XX..XX.X...#.XX.#.X#X.#..
....##.......X.X.#.#X..X..X.#...X.X.X...X#X..X.........##..#.X..X#...XX.#X...XX.#..#.XX.X#..#.#.X..X.XXX.##.#.#..X..#.X..X..X....#X..X.X..X.X....X..X.X..X.XX....X..X.XX.X..X.XX.X...X.X...X.X.XX....X.X.X....##....X..XX...X...#..X...XXX..X..#.X..X...XXX.X.X.
.X.XX#.X.X.X..X##XX...X.X....X.X.....X.X.XXX...#.X.X.XX..X..#..X.X.#..X.XX#.X.X.X.X...#..X#....X..X...X...X.X...#.X.....X.X..#.X.X..X....X...X.XX.#..X..X.#X.X#.#..X...#...X...X...#X....XX.##.XX.X.#.X....##X...X.X..X.X.X#.X.X..X.X.X.X..#..X...X.X.#..#......
..XXX.XX#XX..XXX.X.X#.....##X....#.X.X....X..#X.X...X...X..X.X....#..X...X..........X.X.X.X#.XX.#..X.X.X.#.XXX.X....X#.X....#...XXX...##X..XX...#.X.X.X...X...X...X..XX..XX..XX..##X#.X#X.X.XXX....X#..X.XX..X.XX.X..#........X..#.......X...#.X.X.#..#.XXX.X.X.
.X.#...X.X.X..X....X.##.X.#..X.X..#XX..X.X.X..X..X.#..X...#....X#.X.#..XX..X.X.#.#.X.X........X.X.#X#.......X...#.XX.X.X.X.X.X.X.X..X...X.X.X.X#........X#.#.X..XX..X.X.X.X.X.#.X.XX#...X....##.X.X...X...X.X...X..#.#.X.X.##X.X...X#.X.X..X#X.....X.#...XX#X#..
....X.X......#.X.X....#X..X.X...#..X.X..X#...X..X.X..X..X#..X.X..X....X.X.X.X..XX.X...X.X#.X.X...X.X..##.X.X.X.X#..X..X...X...X...X..X.X.......X.##.X.XX.X.X..X..X.X...............#..##..X.X..X....XX..XX....XX..X.....X...X....XX.#..XX.#.X..X.XX.XX#.X.X.X.X.
.X.X...X.X.X.X..X.#.X.X.X...XX.XX##....#.X.XX..#...X#.X..#.X.X..X.X.#X.......XX....X.X....XX#..XX...X.#...X.......X..X.X.X.#.X.X#...#.XXX.X.X.#..XX#.XXX....X...X....X###.X.X.X.X#X..X.X.X.X#.X.X.X#.X.X.X.X##.X.X..#.XX.X.X.X.XX.X..XX...X..X..XXX..X..........
..#.XX..#XX....X...X......XX....XXXX.X.X....X.##.XX.X...X.....X......X.X#.X.X.X.#.X....X.X.X.X..#.XX.#..X#.X.#.X.X..X...........X.X.X..X...XXX..X.X...X..X.X.X#...#.X.XX#..X...XXXX.X..............................XX##X..X.....#...X.X.X...X..X.X..X..X.X.X.X.X
.#..X..#XX.X.#..X#..#.X.X..X.X.X.XXX#....##X......X..#X...X.XX..X#.#X...X..X#..X....#.X.X......#...#.#X......X.#XX.X..X#.X.X.XXX.X....X.X.X.XX#....#.X.X..#X..#.X#.X#..X..X#X.X#X#....X.#.X.X.X.X.XX.XXX.XXX.X.X#.X.#.X..X.X.#.#..XX...X..##..X...X...X.##..X...
..X..X..X...X.X.XXX.#XXX..X.X.....X#.X.XX..X.#.X#X..X...XX.X#..#..X.X.#X.##...X.#.X.#.X..X.X.X..X.X..X..###.X.X......X.X..X..X.X..X.X#.......X..X.X....X.X...X........X.#.#.X..XX.X.XX.XX##..X#.#X..X...X...X.X..X.....X....X..X.#.#.XX.X.#..#..XX..XX...X.X.#.X
.#.X...X.X.X.....#....X.#...X#.X.X.X....X.X...#..X.X.##..X...X.X.X.....X...X#......#.X..X...X..X#...X.X..XXX...#.#.XX...X.##XX.#.X.....#.X.XX..X.X..#.XX..X#..X.##.X#X..X....XX......X..#..X...X#X.X.X.X.X.X...#..#.#.X..X.X.X...X.X..X....X.X.X.X.#.X.X#.#.....
.X..XX......X.X.XXX.##..X.XX.#..X..X.#.X....X..X.....X..X..XX......X.XX..XX.X.X.X#.#..#...XX.X.X..X#....#.XXX.X.X...X.#X.X.X.......X.XX.#..X..X...X..X...X.X.X..X.XXX#.#.X.X#XX#X.X.X..X#.#.X#..X............#X..X..X#X.X.X....XX....X..X.X...............#X.X.X
..#.X.X.X.X.#X...X....X....X...X.X.X.X.X.X.X.X.X.#.XX.X...#.X.X.X.X.XXX.X.#....##.XX.X..XX.#..X..#.X.X.X...X......XX..X.....X.X.X.X.XXX.X.X.X...XX.#..X#.......X...XXX....X##XX.#X....X......X.#.X.#.X.X.X.X.X..#..X.X.....X.X#.X.X.X..X.X..##.XX#.X.#.X.#XXX...
#......X##..X.X.X.X.##.X#.X.#X.....X..X...X...X...XXX.X.X.X....X#X...#......X#X.X.....X..X.X.X.X......##.X#.X.X.XX.X.X.X.X.X.X...X...X...X....X#.X...X...#XXX.X..XX.X..#.X.X.X..X.X.XX..X.X.X.X.....X...X.X.XXX.#.#...X.X.X........#..X...X...X...#..#..X###XX.X
..X.#.#X..X..........X..X...X..#.X.#.X.X.X.X.X.X.X.X..X..X#.X.#.XXX.#XX.X.X#..X..X.X.X..X........X.X.X.........XXX........#...X.X.X.#.X.#.X.#......X#..X.....X#.X.#..X.XX.....X......X.X.#X#...XX.#..##X.....#..#...XX...X..X.X.X.X.X...XX..X#.##..#X.##....#..#
.X..#....X.XX.X.X.X.X..X..#..X..XX#.................X.X.X....X...X...X...#...X..X.X....X..X.X.X.#.XX#.X.X.X.X.X.X..X.X.X.#.X.X.............X..X.X#X...X.X.X.X.X.....X...#X.#.#.XX.#.#.....X.X.X.X.X.XX#.X.X.X.X.X.XX.X.XX.X..#####....XX.X.X.#.X..X#...XX.X.XX..
.XX..X.X...X.X...X...X..X.X.X.X..X.#.X.XX#.X.X.X.X.X..X...#.#.X.X.X.#.X.X.X.X..#...X.XX..X.X...#X..##....XX#.XX..X..#.X.#......#XXXXXXX#.XX.X..X..X.X#...XXX..#.X.XX..X.#...X...X.X.#.X.#X.......X...X#....#..#....X....X...X...X.X.X..X.....X...X.##.X.X#...X.X
X...#XX.XX....#.#.XX..X....X....X.....X#..#...X...X..X..XX.X..................X..#X...X.X...X.X...X..X#.X.X.....#..#....#.X.X.X.........X##...X.X....X.X#.XX#....XX#.X.X.X.#..XX.X.....XX#.#.X.XX.X.X.X.X.X.#...X.X..X#X..XX..XX...X..#..X.#X..#X..#......#.X.XX
XX.#.#..#..X.#..#.X.X..XX.X.X.X...##.X..X.XX.X#X.XXX..X..X..X.X#.X.X.X.X##.X.X..XXX.X#....XX.X..X...#......XX.X...XX#X.X...XX#XX.X.X.#.#.#..##....#X#......#.X.XX.X..........#.#..X.X.X.X..X..X##......X.....X.X.X..X.X#.X.X.X.X.X#.X.X.X.X.X.X.X.X.X.X.X......X
X##...X..X..#.X.X....X.X.....#..XX..X..X...X.X.#..#..#X.X..X...X.#.#..XX.X.#XX.#.X.....#.X.X..X#..XX..#XX.X.X#..XX.##....XX.X.X...XXX.X#..X..X.X.X....X.X.#X....X...#XXXXXX#X....X...X....X.X.#...##XXX.X.X.X.....X....................................#.X.X#.X.
XXXX.X.X...#X..X.XX#....X.X.X.X..X.#.#...XX.X..X.XXX.X....#..XX.X.X.X#....#.......X.X.X.X....#.#X..X.X...X#...X..#.XXX.X..#....#.X.#....X...X...X..#.X.XX#...X.X..#..........X.XX..XX.X.XX...X..X.....#..#....#.XX..X.X.X.XX#.X.X.X.X.X.#X.X.X.X.#X.XXX...XX##..
XXX.....XX.X..#..X...#X....X..X.#..X.#.XX.X..#..XX#...X.##..X.X......X.#.X.X.X.X.X...X#..X.XX..X..#...#.X...XX..X...XX#..X#.X.X.....X.XX..XX..XX.X#.....XX#X..X..#..X#.X.X#.X...#.X.X....X.#X..X.#.X.X..X.X.X#..XX.X.X...#...X...X###X.X..X...XXX..X...X.X.X#.#.
XX.XX.X.#...#..X..#.X..XX.XXX.X.X.X.....X...X..#.X.X.X..X.X.....X.X.X.X.....X...#..XX.X.X...#.#.X...#....X.X.X.X..X#.X.X..X..X..#.XXX..X.X.X.X.X....X.XX.X#..X.X.XX...X.#.XX.X.#......X#X...X.X..X.XX..#......XX......##..XX..X##X.X.X..X..#.X.X..X.X.X.....X...
#..XXX..X.X.X.X..X.X.#.X...X..X.....X.##..X#.X........X.....X.XX.XXXX..X.X.X.X.X.X..X.....XX......X..#XXX........X.......X..X.#..X....X..........X.X.XXX...X......X.X##....X.....#XXXX..X.XX....#.X..X...X.##X.X.X.X.X#..X#..X.X.......X..X.X...X.......#.XX..X.
##..X.X..#.....X........X.XXX.X.X#.#.X.X.X.#...#.X.#.XX.X.XX.XXX..X...X.X..........#..X.XX.X.X.X.X.X....##.X.X#.X..#.X.XX..X...X..X.X...X.#X.X.XX.X...X..X#..X.X.X.XX#..X.#.#X.X.....X.#...X.X.X...X...XX.#X#...X...X..X##.X....##.X.XX..X...#.X..X.X#.X.XXX.X.X
X..X....X..X.X..X.X.X.X....X..#...X..........#X...XX##...X....X..#.X#....#.X#.XXXXX..X.XX#....XXX...X.#.X...#..X..X.X..XX.#..XX..X.#..XX.X..#..X...X.X.X..X.#.XXX...X..#........X.X.X..#.XX...X..X#.#X..X..X.X.X.X.X.X.......##.X...X...X..X....X..XX#...##.....
.#..#.X..#.#X.#.X..#.#.X#.X.#...XX.#.#.X.X.X...X.#XXX.X.X.X#.X.X.X..X.X.X....#.....X....#..X.#.XXX.X.XXX.X.X.X..X....XX...X.X.X.X...#..X..#..X..#.X......X.....XXX.X.##..X.X.X.X.X#X.X.X..X.#X.X..X.X..X..X............#X.X.X..X..XX.X#...X.X.XXX.X.#..X...X.##.
..X.#X..X.#X.....#X..X.X.....X.X.X....X...X..XX.#XXX...............X...X..#.#.X.#.X#.#.X..X.X...#.....X.......X...X.X.X.X.........#X..X..XXX..X.X...X.X.X..#.X#.#.....X.X...#.....X......#...X...X...X...#..X.#.X.#.#.X..X.X..X..X.X..X.XX...X.......X.#X#X...#.
#...X.X...X.X.X.X...X...X.X.X......X.#.#.X.X..X.XXX.#.X.X.X.XXX.X.X..XX.#..X.....XXX.#X..X...X.X.X.X.X.X.X.X.X.X#..X...X..X.X#.X.XX#.X..X.X..#.X..XX.XXXX.#XX.X..X.X.X.X#X.#XX.X.X.X.X.XX..XX..XX..XX..X##.X.X.XXX.XXX..X...X...X....X...X.#X.X.X.X.X.X....X.#..
X#X....X#....X...XX..X#....X.X.X#.X.X..X....X#...#.....X#..X...XXX..X.X.X.#.##.X..X...X#...XX.......X#..X...X#....X.X.X.X..X....XXXX...X...X....X..#..#....X..#.X...X...XX#X#...X...X...X.X.#.X.X.X.X.X.X.......#...X..#..XX..#X..X.X..XX..X...X...X...X.#....X.
XX.X.X.X.#X.X.#X.X.X.X.XX.#.....X.X..X..X.#X..X.X.X.X.#..X.#.#X.###.........#.X..X.X.X.X.#X.X.X.XX.X.X.X.X.X...#.X........X.##.#.XX..XX..XX..X.X..X..#.X#.X.X.....XX.X.X.X.X.X.X.#.X.X.X..................##XXXX.X.X.X.#.X.X.X.X.X.X#.X.X.X.X.#.X.X.X.X.X.X#.#.#
X...X....#.............X..XX.X.X.X..X..X.X.##......X..X.X.#...X..#..#.X.X.##...X..........X....X..#..........XX.#X.X##.X.X....#X...X..X.#.X.X.X..X..X...X....X.#.#.#.....................#.X.#.X.X.X#.X.X.......................................................
.#.X.X.X.X.X.X.#.X.X.#..#..XX.....X...X....X.XX.#.X.X.....#.XX.#..#.X..XXX...XX..#.X.X.X.X..X.X.X..X.X.#X.X#X.#.#.....XXX..X.X...XX..X..X......X...#..XX..X.X...X....X#.XX.#.X.XXX.XXXXXX#..X...X....X...X.X.X.X.X.X.#.X.X.X.X.X.X.X.X.X.X.X.X.X.X.X.X.##.X.X.X.
......X...X.XXX...X...X...X..X.X.X..XX..X.XX..X##.....##XX...#...X...X..X#X.X.X.X...X...XX.X.X#..X....#..X.X.....X.X.#.XXX..X..X...#...X..#.X#X..XX..X.X.X.X#.X#.X.X#.X.X.XXX.#...#......#.XXX.XXX.XXXX.X#XXXXXXXXXXX...X...X...X#..X...X...X...X...#X...X...X..
#.#X.X.X.XX..XXX.X.X.#.XX..X....X#.X.X.X.X...X.X..X.X......#X.X.X.X.X.XX.........#.X#X.XX.......X..#.X..X...X.X.X...X#..X..X.##..X.#.XX..XX#..X.X.X.X..................#...X....XX..#.X.XXX.XXX.X..#.XXX.X.X.X.X.X.X.X.XXX.X.X.X.X.X.X.X.X.X.X.X.X#...X.X.X.XXX.
..X........X..X....#.X.X..X..X.#..........X#....X..X..X.X.X............X#.X.X.X.#.....XX.X.X.X.X..X...X...#X...X..XX.X.X.X...XXX..#...X.X.X.X.........#X#XXXXX#XXXXXXXX.X.X.X.X#.X.X.X..##...X...X.#..X...............#X#.....##..X....X..#..XX#...X.X.X...X.#..
.X.#.X.X.XX..X.X#.XXX...X..X#....#XXXXXX.#...X##..X.X..XX..XX.X#.XX.X.X..X...XXX.#.X.#......XXX..X.X.XX.##X.X.X.X..X.......XX.#..X..XX........#X.XX.X.................................##..X.X.X.#.X#.X.X.X.X.X.X##.X.XXXXX.X.XX.X.X.XXX.X...X..X.XX.X..X.X#X..X.
X...#X#....X.....X#X.XX...X..X.X........X.X.X....X...X...X.#....##.X.X..X.X.X.X...X..X.X.X.X.X#X....X....X........X..X.X.XX.X..X...X.X.X#XX.X.X.X#.X.X.X.X.X.X.X.X.X.X.X.X.X.#.#.X.X.X.#.X................#XX...X##...XXX.X##......#.....##...X...X...X...X..X.X
.X.#.X.X.##..X.#..X..X.#X..X....X.X.X##X..#...#.X..#X.X.X...#.X.......X........X.X.X..#X#.....X..X.X.X.#..X##.X.##..#.XXX.#...X.##......#..XX#........#.X#X.X.#.X.X.X.X.X##.X.X.#.#.#......#.X.X.X.X.X.X.X#X.X.X.X#X.X.X..X.X.X.X.X.X.X.X...XX..XX..XX..XX.X....
.........XX#..X.#X.X......X..X.X.X..#.#X#...X#.XX.X.#..XXX.X...X.#.X.X..X#X#.XX.....X.#X.X.##X.X..X...X..#.#...X...X...X....XX..X..#.X.X..X.X#.X.X.X.X................................#X#.XXX...#XX..X.X.X#...X...XX#...X....X...X...X...X.X.#.X.X.X.X.X.X...#.X
.#.X.X.X..#..X......XXX.X..XX.....#....X.X.#.X......X.X.XXX.X.X.X.XXX.X..X..XXX.X.XX.X.....X#....X.X.X.X.X.##.X.X.X.X.#.X#.X.X.X.X..#.X.#.......#..#...#.#.#.X.#.X.X.X.X.X.X.X.X#.#.X...#X#X.X.X.#.X#.X.X.X#.X.X.X.X.X.#.X#.X.X.#.X.X.#.X..................#..XX
###X#XX..X..X.X.X.X.#..X..X..X.X.X.##.#.......X.#.XX.....X.........X....X.#..X...X....XX.#...X.X#..................................#......#.#XX.XX..X.X...X...X.X.X.X.X.X.XX#X#X.#..XX.X..X...X...........................................#XXXXXXXXXXXXXXXX.X#.#
X.##.X.X...#...XX#....X.X..X....X..X.XXX.X.X.X.X...X.#.XX.X.#.X.X.X.X.X...X.X.X.X.X#.X.X##.X#.....#.X.XXXXXX#XXXXXXXXXXXXX.X.X.X.#...#.XX..X...X.#.X.X.#.XXX.X#...X...X...#X###...XX..X#.X.X.X.X#.#.X.#.X.X.#.X.X.X.X.X.X.X.X.X.X.X#.X.X#.......................
...#....XX..X.#XX.X#.#....X.X#.X.#.X..X...XXX...X.#...X....X...#X#...X..X#....................#XX#.X.X....................#XXXX..X.X.XX..XX..XX..X.X.X.X#XXXX.#.X#.X.#.#.X.X.X##.X.X.X.#...........#.X.X..X.XX..#.X#.X.X.X.X...X....X.#.X#.X.X.X#.X.X.X.X.X.X.X.
.X.XX.X.#.X....X...X..X##...X....X.X.#.X.X.XXX.X....XX.X#.X.X.X.X.X.X.X....#.X.X.X.X#.X.X.#.X..........#XXXXXXXX#XXXXXXXXX.X.X.##.X.X.X.X.X.X.X.X.X.....#XXX#............................#.X.X.X.X......#X.#..XX.X.X.X.X.X.X#.X.#.X.......X...#....X...X#..XX#..
#....X.....XX.X.X.X.X.X.X.#X..X#X..X.X......X....X.X.#..................#.X#X...XX...X...X...X.X.X.X.X.............................................#.X.X.XX#.#.X#.X.X.X.X.X#.X.X#.X.X.X.X.X.X.X.X.XXXXXX.X.#.X.X............#....#X.X.X.X.##.X.XX.#.X.X.X.X.X.X.
XX.#X.X.#X.X..............X.X...X.X....X.X.X.X.XX.X..X.X.#.X.X#.X.X#.X.X.X.X.X.X..X.X.X.X.X.X.X..XX..XXXXXXXXX.X.#.X.X.X.X.X.X.X.X#.X.X.X.X.X.X.X.X...X...X..#..X..XX..XX...X....X#..XX..........................#.X.X.#.#.X.XX#X..X.X.X.X.......X.......X.....#
X......X....X.#X.X.#X.##X.X...#X...X.X#.XXX.....X..#....#...X..#X...X.........##.X.X...X...X...XX..XX.........#...#X..X...X...X.#....X...X#..#X..X.#.X.X.X.X.X.#.X.X.XX..X.X.X.X#X.X.X.XX.XXX.X.XXX.#.#.X.X.X.X.X...X...X#.#.X.X.X.X.X.X.X#X.X.X.X#.#XX.XXX.##.X
.#X.X.X.X.X.X.#...X..##...X.#.X#.XX...X..XXX.X.X..X..X.X.X.XXX...X.#.X.X.X.X.X.X....#.#.X.X.X.X.X.X.X.X.X.X.X.X.#...X#.X.X.X.X..X.#.X.X#...X...X..................#.....X..X..X.X..X#..X.X...XX#...X...X...XX..X.#.XXX.XXXX...............##..X.X.#X...X.X..#...
...#....##...#XX.X..#.X.X..X......X#.X..#.X...X..X.X..##....X..X#....#..X.##X....X.X...................#.X.X.X.X.X.X....XX.#X#X..XXX...X.X.X.X.X.X.#.X.X.X.X.X.X.#..#.XX.X.X.#...X....X...X.X.X.X.X.X.XXXX.X.#....X.X#.##X.X.#.X.X.X.X.X.X..X.X...X..XX...#X.#.X
#.X.X.X.XXX.#.XXX.#...##..X..#.X.X.....X...X.X.X.....#...X.X.#...X#.X..XX.XXX.X.X.#XX.X.X#.X#.X#.X.X.X............#.X.X.X....X..X.X.X.#.X.X.X.X.#.X...XX.#.##X..#.#..X....X....XX..X.X..XX...........#.X..X...X.XX....X#......X...X.X.#...X..#..XX.X..#.#.X..X..
.....X...X..#..X...XX...X..#..X...X.X.X.X.X......#X.X..X.XX....XX..X..X....X...X...X...X....##....XX..X.X.X.X.X#.X...X...X#.#.X....................#XX..X.X.X.X.X...X.X#.X.X.X#.X.X.X#.X.X.#.X##.X#.X...X...XX.XXX.X.X.X.X.X.X.X.X.....X.X..XXX..X...#X.XX.#...X
X.X.X.X.X.X.X.X.#X.X.X.X.X.#X..X.#...X......#X.#X..XX#..X...#.#.X.X.#X..X.X.X.X.X.X.X.X.X#.X.#.#.#..XX.X.X.X..#.X.#.X.X.#.#.X...#X.X.#.X.X.X.X.X.X.#..X...X...XX..XX........................#.X.X#.X..X#..XX.#..X...#...X...X...XXX.X.X.XXX..X..#..X.#...X...XX.
X#............................X.X.X.X.X.X.X#..X...X.X.X#X#.#.........X.#.................#.X.X..#..X...X...X.#................#...#.X.XXXXX.X.XXXXX..X..X#..XX.#.X.X.##X.X.X.X.X.#.X.X.X.X.X....X#.#.X.X.X.X.X.X.X.X.X.X.X.X.X.X.X...X...X..X.X.X.#.X.X.X.X.#.X.
X.X.X.X.X.X.X.X.X.X.X.#X.#X.X............#.X.X.X.X......#.XX#.X.#.X.X.X#X.X.X.X.X.X.X.X.X.X...X.#.X.X.X.X.X.X.X#.X.XX.XX.X.X.X.XXX..X.X#.X..X..#.X.X...X.X.X.X.X......#.X...#.#...X.#.X.X.##.X#X..................................#.X.#.#.X.....................
...X..XX..XX...X...X..##.XX##.X.#.X.X.X#...........#.X.X...X...X...#...X...XX#...X...XX....#.X.X#.................#..X..#.X..#.....#...X...X..##.....XX..........#.X.X...X.#...X.X..X.#...X...X..##.X.X.X.XX#XXXXXXXXXX#.X#.X.X.X...........#.#.X.X###.X.X.X.X.X
X.X.#X...X..XXX.XXX.XXX.X.X.#..X...X....X.X.X.X.X.X.X.X.X.X.X.X.X##.#.X.X.X.X.#.X.X#...X.#........#XXXXXX##XXXXXXX.X...#...X#..X.#X..XX..XX..X...X.##.X.X.XXXXX#X.X.X.X.X.X.X.#.XXX....#.X.X.X.#.XXX.#.X.X.............#...X..XXXX#X.X.X.X##...X......XX..XX##..
....X.XXX.#...................X.X.#..#.XX..XX..X...............................#....XX..X.X.XXX.X....................#X.X.X.X.#.#.X.X.X.X.X.X.X.X.X.X....#.......................#.#X.X...........#........#.XX.XXX.X.#.X.X.XX..X.X.X.X.#.X.X.XXX.X.X...X..#.X.X
X.#.........X.X.#.X.X.X.#.#.X....XXX.X...X...X..##.X#.X.X.X.#.#.##.X.X.X.X.X.X.#X.XX..XX..XX...#.XX.#.X.X#.X.X.X.X.X..................................##...#.X.X.X.X.X.X.#.X.X.X.X......#.XXX.XXX..X.X.X.X.XX..X...XX#...X...X.X.............#.X...X..XX.X...XX.
..###X.X.X.X..#X..XX..XX..XX..X.X.X.X#.X..#.XX.X.....XX..XX..X#...#...X...X...X....X.X.X.X.X.X.....#...X#X#...X...#..X.X.X.X.X.X.X.X.X.X.X#.X.#.X.X.X..#XXX.X.X.#.X.X.X.X.X.X.X.#.X##.X.#.X..X#..XX...#.X.X.#.X.X.X.X.X.X.X.X....#.X.X.X.X.X#...#.XXX.X...X.X...
X....XX...X..X...X...X...X...#........X#.X....X.XX.X...X...X...X.XXX.X.X.XXX.X.X#.X...........#.#.XXX.X.#XXX.X.X.XXX..XX..XX..XX..XX..XX...X...XX#...X.................................#.X#.X.X.X.X.#.........................##.#X.X.XX#.....#X##XXXX..#X.X..X.
..X.#.X#.X#.X..#X..X.#.##..X..X.#.#.X...XXX.X.....XX.X#X#.XX.X..X.X#....X.XX........#.X.X.X.X.#..X.XXX...X#.X..X.X#.XX..XX..XX..#X..XX..XX..X.X.XX#.XX.X.#.X.X.X.X.X.#.X.X.X.#.X.X.#.X..............#X.XXXXXXXXXX#XX.X.X.X.X.X.X.......#.XX.#X....XXXX#..X..#..X
X..XX...X....#.X.X.#X...#.X..X...X...X.X.#..#.X.X...X..X....X.#.....X.X.....X.X.X.X#.X.X.#...#.XX...X.X.X.X.#.X.X.X.X.X.X.X.X.X.#.X.X.X.X.X#.X...#XX..X.X.#.X.X.X.X.X..##X..X...#..#.#.X.X.X.X.X.X#.#.#.............#X..X...X..XX.XXX.X....X..X.#X.X#XX.#..#..X.
..XX..##..X.X.X....X.X.#.X..#XX.XXX.XX.#..X..X...X.X.X.XX.X....X.X.X...X.X.X...X.........#X.X..X.X.X..........................................#.X.X.X.X..............#....#..##..#..X...X...X...XXX.....#.X#.X.X.X.X#.#.X.#XX#...#...X..X.X..X...X...X..X.#.X...
XXX.X.X.X..#....X.X....#..X..X...#....#.X.X.XXX.X#.......X..X.#...XXX.XX..#XX.#.X.X.X.X.X.XX.X.......#.X#XXX.X.X.X.X.#.#.X#.X#.X.X.X.X#.X.X.X...........#.X.X.X.X.X.XXX.XX.XX.XXX.XX.X#X.XXX.XXX.X.X.X.X.X..XXX..X.#..#X.#..#..XX..XX.#..X#.#..XX..XX.#.......#X
..........X.X.X.XX..#.#X.X.#..X.X.#.X......#XX....X.X.X.XXX..X.X.X.XX...X#.X.....#...X.........#XXX#X.X.X...#.X.X#X.X.X.X.X###..XX..X.X..XX..X.X.X.X.X#..#.X.X.X.X.X.X.X............................#XX..X.X.X.##.X.X.X#.X#.X.X.X.X.X.X.X.X.X.X.X.X.X.X.X.X.#...
.X.X.#.X.X....XX...X..X......X.....#..X.X.X.X.X.X..#X..X.XX.XX.......X.X.X.XX.#.X.X.XXX.X.X#.X............#...................#...X....X...#..X...X.#..#.................#XXXXXXXXX#X#XXXXXX#XXXXXXX.X.X.................................................#X..X.X
..X...X..X#X.X...X..X..#.X.X..X.X.X.X..XX.....#..X...X.....X..X#.X#.X........X.....XXX...X....X.X#.X.X.X.X.XXXXXX#XXXXXX.X.X.X..X..#.X..X.X..X.X.X#..X...X.X.X.X.#.X.X.X.................................#XXXXXX.X#.X.X.X.X.X.X.X.X.X.X.X.X.X.X.X.X.X.X.X..XX#.#
.XXX.#..X....XX.X..#..X...X..X...X...#...X.X.X#.X..X..#.X.#.X.XX...X.X.X.X.X..#.X.X.#.X.XXXX.XX...X...X.................#...XXX..X..X#.X..#X.#.X#.X.X.#X..X...#...X..#..#.X.X.X.X.X#.X.X.X.X.X.#.X.X.X.X........#.XX.##X...X...X...X...X..#.#..#...X...X.X.X.##.
..XXX..#.X.#X....X.XX.X.#X#X..X.X.X.#X.#..X....X.X..#..X........#.#.....X...X..X.......#.X.X...#.X.X.X.X.#.X.X.X.X.X.X.XXX.X.X#XX.XX.XX.XX.XX...........X#.X#..#.XXX..X..X#..X...X#...X...X...X...X...XX#.X.X.X.........#.X.X.##X.X.X.XXX..X..X.X.X..#..........
.X.X.X....#...X.X##....##....X........X..X.X.X.#.X.#..X.X.X.#.X..X.X.#.X.X.X..X.X.X#.X......X.X.....X.....#...X...X...XX#.....................#XXXX.X.X......#..#X#..XX.X#..X.X.X#XX.X.X.XXX.X.X.X.X.X.XX.#..XX.X.X.#.X#.X..X....X..#..#..XXX....X.#.X.X.X.X.X.X
.#.....X.##.X.XX....X.X..X.X.#X.X.X.X.#X....XX....X.X....XX..XX.X...X.....X.X....X....X.X.X..XXX.X.X.#XX.X.X#..#.XXX.X.X.XXX.X.X.X.#.X.X.X#.X......#..#.X.#.#..X.X.X...X..X....X..X.....X.X.....X........X.#...XX..XX....#.X.XXXX.#.XX#.#X.X.X.X...#XX..X...X.#.
X..X.X.X#....X...X.X....X.X..X...XX#....X.X...X.X....X.X...X...X.X.X.X.X.#....X.XX.X.XX..X..X.XX.#...#.X.....#..X.XX........#..#..X..#..XXX..X.X.##XX..XX..X.X......X.X.X.X.X.X.X.XX.X.X...X.X.XXX.X.X#.#....X...X...X.X......................#..X....X#.X.X....
..X...X...#.X.X.X..XX.XX...X.#X.X##.X.X..X##.XX..X.X.#..#.X..X........XX#.X.#..X..#....X.#X.....X..X...#.X.X..X.....X.X#.X.X.XX.XX.XX.#X.X.XX.X.X..#.#...X.#...X.#.XX......#........XX...#.X..XXXXX....XXX.X.#.X#X.#..#..X.X.X#.X.X.X#.X.X.X.X.#X.XXX#.X.XX.X.X.
X..X.X.X.#....XX..X...#XX#...X..#.X.X..X.##....X..XX..X..X.X..X.X.X.X..##..X..X.X.XX.X..XX#.X.X#..#..X..#...X.#.X.X..X.X.#........................#...X.XX.#XX..X....X.X#.X#X.X.X.X...#.X#.X.X.#XX.X.X..#.X..#....X..X.X#X..X....X....X...X....................#
..X.X.....X.XX..X.XX.#X#...X..X......X..X..X.X..#...X..X....#..X...X..X.X.X.X.......X#.X.X...X.X.#XX..X.#X.XX..XX..X....XX.X.X.X.X.X#.X.X.X.X.X.X..#.X....##.X.X.X.X..XX.....X...XX.X..X...X....#.....X.#.XX..X.X.#X......X.#.X.X.##.X#X.X.X##.X#.X.X.X.X.X.#.X.
X....X.X.#..XX.X.X....#.X.X..X..X.X.XX.X..X...X..X.XX.X..X.X..X.X.XXX........X.#.X.X...#.XX.X...XXX..X.#.X...X...X..X.X...XX..XX..X.X..XX.#.#.#..X....#.X.X...X...X..X..X.X.#X.#...XX.X..X.X.X.#.X.#.XX.....X..X##...X.X.X.#.X#.....X.........X.X.#..X..#.#..X#.
#.X#X.X..#.X.......X.X...###..X.#.#...X.X..X.XX.X....X.X..X.X....XXX.#.X.X.X..#...X..X.....X.#.#.X.X.....#.X..#.#.#..#..#...X...X....X...#X..#X.X..#.X.X.X.X.#.X.#XX...##..X..XX.X...X#.#..#..X...X....X.X.XX.X.X..#..X........X.#.#.X.X.X.X#....X..XXX..X..X...
.X......X...X.X.X.X...XX.#...X..#.#.X.....#....X.X.X....X....X.X..#.....#...X.##.XX#X..X.X..........X.X.X#..#..X....X.#.#.X..X.X..X.X..X...X...XXX.#..............#XX.X..XX.X.X.#.XXX.X.XX.X.#..X#.X.X..XX...X...X#..X.X#.X.X.X#..X...X...X...X.X.X#XX..X.X...#.
.X#.#.X.XX.XXX..X#.X.X.....X..X.##X..X.X.X.X#.X#.X..X.X.#.X.#X..X#XX.X.XXX.X....X.X.XX..X..X.X.X.X#..XX...X.#.X.X.X.#.X..X..XX..#..#..#..X..#.X.XX..#.X.X.X#.X.X.X.X.X.X.X.............#...X.#.#.X.X..X...X.X.X.X.XX.....X#..X.X.#.X.X.X.XXX.#......#.X....#.X..
...X..#X...X#..X......X.X.X..#.....X..X#...#X.....X..X...X....X...#.#..#X...#.X.......#..#..X#.#...X...X.X.#X....#X....X#.X...X##.X#X#X.#..XX.....X..X...#....X............##XXX#.X.X#..#X.X........X..X.X.........#.X.X...X...#........X.X.#.X.X.X....X.X..X.X.
.#X.X...X.X...X..X.X.X...#.X..X.X.X..X.X.X...#.X.X#.X.X.X.X.X#..X.#.XX.#.X.X...X.X.X.X#.XX.X..#..X..X.X......X.X...X.X.#....X....X.X.X.X.X...X.X.X..X.X.X..X.X.#.X.X.X.X.X......#X#X.XX#...X.X.X.X.#X.XX#.X.X#.X.X..XX..X.X#.X..X.X.X.#.#........X..#.X...X.#.X#
......XX.#.X.X..#X##..X.X..#.X...XXX....X..X..XX...##......X..X..X...#....XXX.##..X...#...X.X.XX..X..X.X.X.X..XX.##...X.X.X..X.X..........X.X...X.X....X..X....#..X...X...X.#.X.........#X.X..XX#....X.#......XX..X...#..X#...X#...X...X..X.X.X.X.X..X.X.X......
.X.X.X.......XX..#...XX#.X.##.X.X.X..X.X#.###...X.X#..X.X.X.X...X.X.XX.X.X.X#...X..#.X..X.......X..X....X#..X...X.XX.X..#X..X...X.X.X.X.X..X.X.XX...X.X.X.XX.X.#.X.X.X#X.XX..XX#.X.X.X.X.X.X.XX##X.X...#.XX.X...X..X.XX.X..X.X.XX.XXX.X..X...#.....X....X.X.X.#.
X..#.XX.X.X.X...X.#X..X.........#.XX..X.XX#.X.X..X...X...X..#XX.......X......X.X..XX#XX..X.X.X.XX.X..X.##..XX.#.....X##....#X.#..X...X...X....X..XX..X...X....X.....XXX#...X#.XX..XX..#...X...#.X...X.X.X.X..X.X..X....X.X.......#.X.#.X.#.#X.X.##..#.X....X...X
.X.X#...##..#X.X.....XXX.#X.X.X.....X........XX.X.XX.XX.X.X.X.X.X.X#.XXX.X.X..X..#.X.X..#X..X#...X.X..X#.X...XX.X.X..#.X.X...X..X.X.X.X.XX.X.X.X.X#.XX##...X.X##.X.X.##..#......X...X.#.X.X#.X...X.XX......X..XXX.#X.X....#X.X.X.....#..XXX.......X..X..X.X##.X.
.XX...#.X.X..#X..X.X..#..#..XX..X.X..X.X.X.X...X...X#..........X....X.X#..X#.X.#......X...X...X.XX...X.....X...X...##...X..X..X....X..#...#X.......XXXX.#X.##.#X#X#...XX..X.X.X..X#..X...#.XX.X.#.X#.XXXX.X..X.XX...X..X.X.X..X#.X.X#..X.XXX.X.#.XX.#XX..X..#...
...X.X..#...XX.X..X..X..X..X...#...X..#...X..X..#.X.###.X.X.X.XXX.#.....X...X...#.X.X.X.X#X.#..X..XX..#X.X..X.X#X.X...XX.X..#.X.X.X.X.#.X...X#.X.X..#X......#..X.X.X.X..#..X...##..#...#.................#XX.....X.X.X.#....X#....#XX#....XXX..X...X.X..X.X.X.X#
.##..XX..X.X.....X.X..XX..X..X..X.XX.XXX.X.X..X........X...#.#.X#..X.X.XX#.X.X.X.X...X.....X#.X.#.X.#.#XX..XX....X.X.X.X.XX#.XX..X....X..X.X.X..X#.X..X.#X.X.X........X...XXX.X.X.XX.X..#.X.X.X.X.X.#.X.X.X..X.X..X#....#.#.#X.X.X.XXX.X#X.XXX.X.X....#......X..
....X...#X#.X.X.X....X...X..X..X....XX#.....##..X.X.X.XXX.X.....X.XX..X.#X.......#X.X.X.X.X#.........XXX.X...X.X...............X...#.X#.X.....#...X..#..X#.....#XXXXXXX.X..#........XX.XX..XX..X#..X...#..##..XX.X...X.#...#..X.#...X...X...X#.X..X.X#..X.X.X.X.
.X.X..X..X...X...#.X..XX..X.##..X.X#.X.X.X.X.XX..XX..#X#....#XXXX...X.....X.X.X.X.....X..X..X.X.X.X.X.X....#..XX.X.X.X.X.X.X.X..X.X.X.X#.X.X.XX.X..#..#X...X.X.........X..X.X.#.X.X...X..X...X..#.X.X.X.X.X.XX#.X#X.X...#.X.X.X.X#.X.X.#.X.#.XXX.XX#X##..X..#...
.XX..#..X.X.X.X.XXX..X...X.X...#........X#.....#...X#.#XX.X......X.X..X#.X...XX.#.X.X.X.X.X..#...XX....#.#..#...XX..XX..XX..##.X..........XX...X..XX.XXXX.#X..X.X.X.X.XXX....XX..XX.X...#.X.XX.XX.#..............#.#.X.XX.......................X.X.X.X.XXX..#X.
X...X..X.........#XX..X.X....X..##.X.X.X...X.X..#.X...XX...#.X.X..XXX...X.##...#.X...X......#.X#...X.X.#..#.#.X...X...X...#...X.X.X.X.#.X...X.X#X.#...XX#X..X.X..X..X.X#.#.X...X...X..X....##.X..XX.X.X.X.X.#.X.X..X.....X.X.X.X.X.X.X#.X.X.X.#........X.XX.X...
.#.X..#.X.X.#.X.X.X.#..X..X.X..XX...XX#XXX.#..X..X.X.X..X.XX..X..X.XX.X.....X.X...X.X.X.#.X.....X.X...X..X...X..X#..X..X.X..X....XX..X...#.XX....X.X.X.#.X.X.X.X#.X#.X.X.X..X.X..X##X..X.X......#..X...X...X...X..X.#X.X..X...XX..X....XX..XX..X.X.#.X.....XX##.
...X#....X...X..X.....X..X..XX...X.X.X.X.X..X..X.......#....X.#X.....X..X.X..X..X.....#..X#.X.X#..#X.X.X..X.X.X#.#X..X..X.X..X.X...X.#X.X....X.X..........................X..X.#.....X..X..X.X.X..#.X.XXX.X.X.X..#..XXXXX.X.XX..X..#.X...X...X..X...X..X.X..#...
X.X...X.X.X.X.X.X.X.X..#X..X...X#.........X..#..#.X.X.X.X.X..X.X.X.X..#..X.#.#.X.XX.X.X.X.X..X.X#...X#...X.........X.#.X..X.X...X.##...X.#.X..X..X.X.X.#.X.X.X.X.X.X.X.X.XX.#..#.X#.#..X#X.#..X.X.X.XX.X.X#.XX.X.X.X.X.X.X.X...#..X...#.XX.X#..X.X.XXX..X..X.X.X
XX..X..#...#....X..#..X...X..X...X.X.X#.X..X.#.XX..XX...#..X....X...X..#....XX#...X..X.....X.....X.X...X.X.#.X.X.X..X....#X..#.X....X.X#...#.X.X..X...X...X...X#..X...X....X.#.X...XXX.#....X................................#.#X.#X.X....X..X....X.XX.X#X......
X.#.#.X.X.#XX.X.X.X.X..X.X..X..X.X..X.X..X..X....#...X.X..XX.X.X.X.X..XX.X.#.#.X.X.XX.X.X.XX.X.X..XXX.X..##...X...X.#X.#...X..X##.X..XX#.X..#..#.X#X.X.X.X.X.X#..X.X.X.#.X......#.X.X.#.#X.XX.X.X.X.X.X#.X.X.X.X.X.X#.X.X#.X..#.....X#X.X...#.#.X.....X....X.X.X
...X.......##X...X....X...X.XX..X##....X##.X.X#.X..X..XXX...XX....#.#...XX.............X....#...X..#X##X.#.#.X.X.XX...X#.X..X....#X.X.X.X..XXX......X.......X..X....X.....X#.#.XX........#...X...X...X....X...X..#...X....#X.X..X.X....XX.X...#..X.X.XX#.X..X...
#.X.X.X.X.X.X.X.X.X.X..X.X.X...X.X..X.X........X.X..X..#..X...X.X.#...X...X.X.X.X.#.X.X.X.X..#.XX.X#XXX#....#......X.X....X..X.X...X....#.#.#.X#.X.X.X.X.X.X.X...X.XXX.X.X.X.#...X.X.X.X..X.X.X.#.X.#.XX.XXX.X.X..#.XXX.X...X..X...X.X...X.#.XX.X...XXX..#.#.X.X
#.....##X#.........X..X.X....X....X..XXX.X.##.X....XX.X.#..X.X.#X.#.X..X.XX..X.##..XX....X..XX...X.XXX#..X.X.X.X.X..#.XX.X..X...X.#..X.X#......X..X...X...X...XX..XX#.X.....X..X..X#..XX.X.....X..#.....X.#X....#..X.#X..#.X..XXX.X.#X.X...#...XXX.XXX.#X.....XX
..X.X.X.X.X.X.X.X.X.X.X...X.X..X.X..X.#XX....#XX.X...X....XX.....#.X..XX...X.....X...X.X.#X...X.X...XX#.XX#...X...X.....X#.#.X.XX.##..X...X.X.X..X.X.X.X.X.X.X.X.X.X#..X.X.X.#..X...X...X#.#.X..#.X.X.#.....X.X..X.....X..X..#.X......XX.X..X.X.XX..#..#XX.X.XXX
X..#XX.......#...X...#.X.X...X..XXX....#X#.X.#X#X..X#.X.X...X.X##...X...X.XX.X.#..X.X...X...X..X.X.X.X.X.X.X#.XX.X.#.X.XX....X...X.#.X.X###X.X.X.......#.......#......#X..X..X.XX.#.#.X..#.X..X....XX..X.X.X...X..X.X.XX.X.X.X.XX.X.X...X..XX.....X#.#.X#X..#.#X
..X#X.X.X.#.X.X.X.X.#.....X.X#.X.X#.X.#X#...XXX.#X.....#X.X..X.X.X#.##.X#...XX..X..X#X.XXXX..X..................XX....##.X.X##.X................X.X.X.X..X#.X.X.#.#.#...#...#X...X...X..X#..#..X.X...X..#.#.X.X.#..X....X...X...X.X.X.X.X#X..XX.X.........#....#
X..X...X...X.........X.X.X.X......X..X.XXX.X.X..#..X.X...XX#..........X.X.X...X..X....X.X.X.X..X.X.X.#.X.#.X.X.X..XX.X#...X#....#.X.X.X.X.#.X.X..X#..X#X...X.....X...X.#..X...X.X.X.X#X.#.XXX.#...X.X#.X........#.X#X.X#.X.X.X.X.X.X.X.X.X.X.X.XX#.X.X#.#.#.X.XX
..X.X.X.X.X.X.X.X.X.X#.XX....X.X#.X.#...XX#...X...#...X.X.XX.X.X#.X.X....XX.X..X..X.X......X.#..XX..X..#..XX..#.X.XX....#X.X.X.XX..X...X...X#..X...X....X.X.X.X.X.#.X.#.X..X.XX....X.........X.X.XX.#.#XX.X.X.#.#.#.X...........................#XXXX..X.#.X##.X
X.#..........X...X.X..X...X.X....X.#.X.X.X.X.X.XX..X.#X.....X....X#..X.X...X..X..XX..X.X.X....X...X##X..X...X.......X.X.....#....X#.X.X.X.X.X.X#.X#X.X.X.#...#.....X......X#...X.X#.XX.#.X.X.#.X...X..XXX##X...X.....X.X.X.X.X.X.X.#.X.X.X.X.X.X.X.X.X.X.X.X#...
...X.#X.X.X.XXX.X..X.X.X.X..#X.X.................X.X...X.X.X.X.##..#.#..X.X.X..#...X..XX..X.X..#.#.X.X#..X.X..X.X.X..X.#.X.X.X.X....##.......X......X.....#.X.X.X#..#.X.X...X.X#.....#.X..X.....#.X.X..##..XX.X.#.X.XX..X...X#..X...#...#...X................#.X
X.X.##XX...XX#...X........#X....X.X.X.X.#.X.X.X.X..X.X..XX....X.X.XX..X..X#.X.X#.X..X...X..X..XX.......X..XXX..X#..X....#.....X..X.X..X.X.X.X..X.X.X.X.X.X......##.X...X..X..X.X.X#.X..X.X.X.X.##.....#...#......X#...X..#.X.X.XXX.X#X.X.X.X.X.X.X.X.X.X.X.X....
......X.X.X.X.X.X..#.X.X.XX.#X.XX..XX.##...X...XXX.X..X...X.X.......X..#.....X.X..#..#.X..X.#...#.#.X.X..X.XX.X...XX.X.X.X.X.X.X..X.X..X...X..X..#....XX.#.X.X.#X...#.XXX..X....X.X..#XX....X....X.X.X.X.X.XX#.X...X.XX.X.....#.X.....X.......X...X...X#..#X#.#.
X.X.XX...X.......X..X...X........X...X.XX.X.#.X.X..X.X.#.X...X.X.X#..X#..X.X....X..X..XXX....X.X.#...XXX.....X##X...XX....XX....X#...X..X.X.X#XX..#.X...XX..X....X.X.XXX.#..X.X....X....X.X..#.X..X..........#..#.X....X.X.X.X...X.X.X.X.X.X.X.X.X.X.X.X.X#X...X
...XX.X.X.X.X.X.X#.XXX.X.X.X.X.X.#.X.....X....#.XX.X....XXX.X#..X...X.XX..X..X.X..X..XXX..X.X..#.XX.X.###.X.X.X...X...X.X...#.X...#.X.X.X.....#..XX..X.X..XX.X.X#.....#..#.XX..X.X..X.X..XX.X...X#.X.X.X.X.X..X..X.X.X....X....#.X..X...XX#.....X#......X.X.X#..
X.X#.........X....##XX#....#..#...XX#.X.#.X.X.....#..X.X.XX#...X.XX.....#..#..XXX.#X#.#.X..XXX.....X...#...X...X#..X.#X..X.XX#..X........X.X.XXX...X..X..X.X.....X.X.X.X.....X..X#.#...X...X..#.....X...X...X..X#.....X.X#.X#.X..#.#.#.X.X.X.X.#..#X.X#.......X.
..X.X.X.X.X.X.#.X...##X#.X.##..X.X.XX..X..XX..X.X..X..X...XXXX.....X.#.X..X..X.X#........X#X#..#.X...##XX.X.X.X.X.X....X..X.XXX..X.X.X.X..X.#.XX.X.#.X.#...XX#.X.X..X...XX.X..X...XXX.XX.X#.X.X.X.X.#X.X#X.X#.X.XX.X.XX......X.X.X.........#..X.X.#....X.#.#.#..
.X.....X..XX.....X.XX.XXX..X..X......X.#.X.X#..XX.X..X.X.X.X.X.#.X..XX..##XX....#.X.X.X.#X.X.X..X..X.#.X.........X.X.X..X#...X..XX..XX..X.......X...X....XX..X..X..X.X.X.X..X..X.#.X#...X.X.#.X..X....X......X...XX....X#.X.X...#..X.X.X.X..X......#.X..X#..X.X.
#XX.X.#..X...X.#..XX...X.X..X..X.X.X#........X...X#X..........X...#...X...#..X.X...X...XX......X.X..X...X.X.X.X.X...#..X.X.X#.X...X...X..X.X.X.XXX.X.X#.X.X.X.XX.X........X.#.XX.#..X#.X....X.X.XXX.X##X#X.#..#.X.X#.X...#X...#..X#...XX#..XX.X.X.#...X.#.#....X
.X.X..XX..X.X..X.X..X.#....X..X...#X.X.X.X.X..X.#.X..X.X.X.X.X.#.X..#..X.XXX..X.X.X.X.XX.X.#.X....X...#X..#..X.#.X.X#X.........X.X..X..X..X...#XX.................X.X.X.X..X....X#.X.X#.X.#.#.X..#X#X#..X...X.......XX.X...X.X..X.XX.X.X#X...X...X#X.X#.#.X.X.X.
.....X...#..XX..#XX....X.X..X..X.X......X...X.#...#X..X#..XX....X.X..X..X.XX.X.......X....XXX..X.X..X...#..X..........X.X#.X.X..XXX..X.#.X.X.X.X.#.X.X.##.X.X.X.X..#X..XX.XXX.#............#..X.X.X.X.X.XX.X..X.X.X...XX.X..X.#....X......X.X.X.X.XX.#.....X....
.X.X.XX.X..X...XXX.#X.X.#..X..X.#.XX.X.X.X#.#..X.#X..X#.#...X.X....X..X.....XXX.#.X.X.X#.X.XXX..X.X..X.XX.#..X.X.X.X.XX...X...X..#..XX..X#.X......XX..X.X#...XX..X...X...XX#...X.##.X.X.X.X..#............XXX..X#..X#...X..X#...X.X..#.X.XX.#.......XXX.X.X.X.X.
.#..X...XX..#X..X.........##X.......X......XX.X....X....#.X.#..X.X..X..#.X.#XXXX...X........X..X#.X.X....#.X..X...X....X.X.X.XX.XXX...X.....X.#.X...X....###...X.#.#..X.X.X.X#..X....X...X.X..X.X.X.X.X##..#..X.X.X...X.#X...#X..XXX..X....X..X.X#.XXX...X.....X
X..XXX.#...#...X..X.X.#.X.X...X.X.X..X.X.X...X.X.X.X.X.XX..X..XX.#.XX.X...#.XXX.X.X.#.X.X.X.XX.....#.X.X....X.#X.X.X.X..X#.....X.XX.X..X.X.X...#..X..X.X...#.X..X..#.X......#..X.##.X.X.X..#.X...X...X....X.X....X.#X..X.X.#..#.X#X..X.X#.X.#X....X.X.X.XXX.X.X.
.X..XXX..X.X#X..#..X...X..X.X..X...XX...X..X....XX..#....X#.#...X....#..#....#.........#.X.X.X.X#.X..X..X.X#X..#....XX.X...X.X.....XX.X...X.X.XXX.##..#..X..X..#.X..#.X.X.X..#.....X...#.#....X.##X.##X.X....X.X.....X....#..#.#.X.#.....X....X.X......XX#XX....
...X.X.X..X....X..X.X.XXX.X.#.#.X.XX.X.X.X..X.X...X..X.#.....X.XXX.X..#.X.X.X.X.X.X#.X........X.....#X.X.....X..X.X...X.XXX..#.X.X...X..#....#XX..#X.XXX..X.#X....X....X...X..X.X.X.X.X....#.X.....XX##X..X.X...X.X.X..X.#XX........X.X.X.X#.XX..X#.X.X.XXXXX.X.
X.#......X.X.X.#.X.....X#..X.....##.......X#...X.XX.X...X.X.X...##..X#X.X..XX..X...#..X.X.X#.X.#X.X...#.X.X.X..#.#.#.X.....X..X...X.#.XXX.X.X.X.X...X#X..XX.##.X.X..X.X.X.XX.X...#.....X.X.##.X.X.X.X.X.X#.##X.X...X.X..#XX..X.X#.X..XX........X#....X...XXX..#.
..#.X.X.X.....#..XX.X.X.#.#.X.X.#.XX.X.#.XX.X.X....X.X.#...X.X.XX#.X.X.#X.X..X.#X.XX.X...X.X.....X..X....X..#X......X#.X.XX..X.X.X.......X.......#.#.X.X...X....XXX..X......X#X.#.X.X.X.X..X....#.............X.X.XX...X.X.#..X....X...X.X.X#.X..XX.X.X.X.X.X..X
.X...X...X.X.X..X....X....#.#..X....X...XX....#X.#....#..#...#..#........X.X........#.X#....X.X.#..#..X#..#...X.X.X.....##.X....X.X.X.#.XXX.X.X.XX......X.XXX#.X.XX.X.X.X.X....X#....#X.#X.X.X.#..X.#.#.X.X.X....X#.XX.....#.X.XX#..X#..X#...X.#.X#..........X..
.XX.XXX.X#X...XX..X.X.X.X.X...X.X.X#XX.X..X.X...X#.X.X.X.X.X..X..#.X#.X.X...X.X.X.X.....X#.X...X.#..X...#..X#..X#..X.#.X.....X.X.....X...#...X....X.X.#..X.X.#.....X....#..X.#..#.X.X...X..XX...X..X..##X..XX.X.X.X.X.#.X.##......X...X#.X.X.......X#.X.X.X.X..X
X...XX.X....##.#X.#....X..X.X.......X...#..X..X...X.....X#..X..X..XX...X.X.X.X.X...X.X.X...#X.X..#.X..X#X.X...X.X.X...X..X.X..#X#.X.#XX.X.X##.X.X..XX..X......X.X.X.XX.X..X...X..#...X#..XX..X.X..X.X....X...X.........XX...X.X.X#..X.....#..X.X.X...X...X.#XX..
X##X.....X.#.......#.XXX#..X..#.X.X..X.X..#XX..X.X.X.X.X...XX.X..X#.X.X.........X.XX..X.XX.#..#.X.X.X....X.XX....X.X.XXX.XX..#.X.XX..#........#..X...X..X.X#.X...X...X.X.#XX.XX.XX#.X.#.#.X.XX..X....X.X..#.X..#.X.X.X...X.X...XX.X..X.X.X.#..X...X.X#X.X...X..X
#....X.X.#..X.X.X.#..X.X.#..X..XX..XX....#.XX.X.....#..#.X...X.X....#...#.#.X.X.#...X.....X#X........X.X.....X.X....X.XXX..X.......X.#X.X#.#.X..XX.X..X..X#...#.X.X.X.X.X.X....#.X#...........X.X.X.X#..X..X.X.X..X...X.X..#X.X.....X...X..#.X#X.XX....X.X.X.X..
.#X.X...X..X..#.##..X......X.#...X...X.#.....X.X.X.##.#.X..X.#.X.#.XX#.X.#.X.X.X..X..X.X.XX...X.X#.X..X..X.X..X..X.X...X..X..X.X.X..X.....X.##X...X..X#.X..#.XX............#.X......#.X.X.#.X..X...XX#.#X.#..X.X.X.X.X...#...XXX.X.#.#.X.X.X#.X#...X.X........X.
.....X.X.#..XX..X..X..#X.X.X...X..X.#.##.X.X....X.#......X.#....XX..#..........#.#..X...X..XX..X....X.#X..X..X.#..X.X.X.X.X#..X..#.X..X.#......X.X.X...#X#.....##.X.X.X.X.XX..#.X.X#.X.X.X.X.X#.X.X.#....X.#.X.X....XXX.X..X.#X.#....X..........#.X#..#.X.X.X..X
X.X.X.X....#.X###.#.#...X..X.X..X..X......X..X.X...XX.#.X...X.X...X.##.X.X.X.X#.#.X..#.X.X..X.X..X.XX...X..#....X...........X..#..X###X..X.X.X.#...##.XXX.X.#.X#.#.#X..X#...X..XX................X...X.#......#..X.XXX.#.X..X....X.X#..X.X#.X.X.#..#.X...XX#..X#
XX....##.X.....XXX....X#.X..X..XX.XX#X.X.X.X..X.X.X.XX.X.X.X##X.X..X..#...X.......#.XX.....#...##....X.X..X#.X.#X.X#.#.X.X.X.#..X......X..X...X..X...X#X....X........X...X#..X...#.X.X.X.X.X.X.X...#..#..X.X.#.X..X.#......X.X.X.#...X..XX...X...X..X.X.X.XXX...
X.X.XX..X..X.##.X.#X.###...#XX...X.X.#X.....X............X.....#X.X.X.#X.#.X.X.X.X....X.X.X.X.XX#X.X..XX#...X#...X..#...X.....X..X.X.X..X#XX.X.X..X.X...X.#.X.X.X.#.X#.X..#.XX#.X.#X..X..#..X...#.X#XX.X..XX....X...#X.X.X....#....X.X.X#.X.X#X.XX#....#...X..X.
.....X.X.#..X........XX.#X..#..X.......X.X.X..X.X#.X.X.X.X.X.X...X.....X....X...X.X.X..X#....X.#..#..X.XX.X...X.#.X.X#.X..##.X..XX..X..X..X#....#..XX.X.XX.#...X...X....X..X.#......X##X..X..#.X........X...X.X..X.X#.X.X..X.X.X.#..X......X.XX..#X.X.X.X.X.X.#.
.X.##......X.#X.X.X.#......X#X..X#.X.XX...XXX..X....X...X...X..X...#.X.X.#.XXX.X.....X...X.X....#..X.....XX##.#.......X.XX#.#.X...X..#.##..X.X#..X.#...#...XX.XXX.X.XX.XX.X..##.X.X.....X..X.###X.X##.X..X#.#..#..X...X..#..X...X#.XX.##.X.....X...XX........X..
X..X.#.X.X.#...X...X..X.X.#....XX...X#.#.X.X..X.XX.X#X.XXX.X.X..X.X...X...XXX...#.X.XX.X..X..X.X.X.X.X.#..#.X..X.X#.#..........X.XX.X.....#....X..X.X.X.X.X.X..##....#...X.X..X..X..X#.X.##......X.XX..X...X..XX.X.X.X..X..X#.X#.XX..X#...X.X.X..X...X#.X.#.X.X.
#.X.....X..#.X#.X.#.X..X..X.#X.#.X.X........#.....X.X.#.X.....X..X.XXX.X.X.X.X.X.X....X..X.X.#......X...X....X#....XX.X.X.X.X.X....X.#.X.X.#.#..#............X...X.X..X#.....#..X.X...X..X.X.X.X.....X..X.#.#...#......#XX..........#..X.XX..X#X..X.X.X..XX....X
..XX.X.X.X....X.##....X.X..X......X..X.X.X.XX.X.X........X.X#..X.......#.....#....##.#.#....X..X.X.X.X.XX.X.X.XX.X...X...X...#.X.X...#.#....XX.X..X.X.X.X.X.#..X#...X.#X.X.X#.X....X.#..X.....X..X.X..X..X....X...#XX.X#X.#.X.X.X.X...#X...X....#.#....X...X#.X.
.X....X....X.X.....X.X....X..X.X.XX#..X..#...XX##.X#.X.X.X.#X.X..#.#.X..#.X.X.#.X#X.....X#.X.X..XX.#.....XX.....X..X#.X.XXX.X..X..X.X...X.X...XXX..X...X...XXX.#XX.XX...X...#...X.X...#.X.X.##.X..XX#..X#.X.X.#.#....#.X.....X#..X..#...X.X..X.X...#.#..X.X..#..
X..#.#.X.X..XX#.X.X..XX.X.X.X...XX#XX#.X..X.X.X.....X...X....X.X..X...X..X.....X.X.X.X.#.#....X...X..X.X...X.#.XXX.....X.XX...#X#..X.X.XX..#.X.X..X.#.X.X.X.X.#.XX...X.X.X.#.XX..X#X.X...X#....X.X.XX.XXX..#...X..X.X...X.X.X...X.X.#.X..XXX..X.X.XX.#.XX.#.XXX.
.X..X.....#..X..XX..X...#.X.XX.X.#.#.X...X.....#X.X#.#.XXX.X...#.X#X.X..X.X.X#......X.....##.X##.X..#...X.X...XXX..X.X.....X.X.XX.X......X..X#.XX....X#.#.........X#..X........X....X.X.X.XXXXXX.....X.X..X.X.XXX..#.X.X.X...#X....X..#.X.XX.X......XX...X...X..
...X.X.X.X..X..X...X..X..#.X..........XX.#X.#.X.X.....X.X...X.XX....#.X....X.X.X.X.X.#.X.X......XX#.XX.X.#XX.X.X.X..X.##.##......X..#X.X..X......X.X....#.X.X.X.X.#X.X.X.#.X.X..X.X.............X.X.X...X......#..X.......X.X...X.X..#......#.#.X.X...X.X.X.X.X.
.X.#....#.X..X..X.X..X..X....X.X.X.#.#.....X.....X#.X....X.#X...X.X....X.X....X...#.....XXXX.X.X.X.X......#.......X.....X..X.X#.X.XX....X#..X#.X..X..X.X...X...X....X...X...#.#..XX.X.X.X.X.X.X..X##..##..X.X.XXX...#.X.X..#X.X..XX.#.X.X.###...#..X.X#.........
..X..X.X....X..X.X..#.X..X.X.#..X...X..X.X..#.X.X.X..X.X.X...X.X##..X.X...X.X.##.XX#.X.X.X.X..#......X.X.X.X.X.X.XX#.X.X#.XX...X#...#X.XX.X...XX#..#..XXX.X.X.X..#.X.X.X.X#....X...X...#...X...X....#...X.#XX#.X.#.X...X..X..X..X..#.....XXX#.X.#.XX..#.X.X.X.X.
.#..X...X.X..XX....X....X...#..XXX.X.XX...X..X.....X..X..X.X..X.X#X..X.X.X##....XXXXX......#.X.X.X.X.#..X.....X...###.......#.X.X.X#.X.#....X..#X.X..X##.....X..#..........X#.XX.X..#.XXX.X.X.#X.X.X.X.X.X#.X.....##X.XXX...#.X.#.X.X.X.X#XXXX..#...X..#X..XX..X
.#X..X.XXX..XXXX.X..X.X..X.XXX..#......X.X..XXX.X.X..XXX.X..X......X....X....#.#XXXXXX.X.X..X.....X..#.XXX.X.XXX.XXXXX.X.X.X..........XXX.X..X...XXX..#XX.#.XXX.#X.X#.X.X.X.....X..X...#....#...X.............#.X....XX#..X...X......#..#XXXXX#X..X..X...X...X..
